[2025-06-13 13:17:45,343][tracklab.main][INFO] - Run directory: /work6/k_yamada/TrackID3x3/CAMELTrack/outputs/CAMELTrack/2025-06-13/13-17-45
[2025-06-13 13:17:45,346][tracklab.main][INFO] - Using device: 'cuda'.
[2025-06-13 13:17:47,735][tracklab.main][INFO] - ExternalVideo= val set: 1
[2025-06-13 13:17:49,626][cameltrack.wrappers.bbox_detector.yolo_x_api][INFO] - Loaded YOLOX weights from /home/k_yamada/workspace6/TrackID3x3/BoT-SORT/pretrained/bytetrack_x_mot17.pth.tar
[2025-06-13 13:17:59,818][cameltrack.cameltrack][INFO] - Loading CAMEL checkpoint from `/work6/k_yamada/TrackID3x3/CAMELTrack/outputs/CAMELTrack/2025-06-13/13-17-45/camel_bbox_app_kps_sportsmot.ckpt`.
[2025-06-13 13:17:59,822][tracklab.pipeline.module][INFO] - Pipeline: YOLOXBoTSORT -> TopDownMMPose -> KPReId -> CAMELTrack
[2025-06-13 13:17:59,823][tracklab.main][INFO] - Starting tracking operation on val set.
[2025-06-13 13:17:59,828][tracklab.datastruct.tracker_state][INFO] - Saving TrackerState to /work6/k_yamada/TrackID3x3/CAMELTrack/states/CAMELTrack-val.pklz
[2025-06-13 13:17:59,829][tracklab.pipeline.module][INFO] - Pipeline has been validated
[2025-06-13 13:27:05,488][tracklab.datastruct.tracker_state][INFO] - 0 already exists in /work6/k_yamada/TrackID3x3/CAMELTrack/states/CAMELTrack-val.pklz file
[2025-06-13 13:27:05,513][tracklab.visualization.visualization_engine][INFO] - Visualization output at : /work6/k_yamada/TrackID3x3/CAMELTrack/outputs/CAMELTrack/2025-06-13/13-17-45/visualization
[2025-06-13 13:27:05,514][tracklab.datastruct.tracker_state][INFO] - Tracking ended, final TrackerState stats:
[2025-06-13 13:27:05,515][tracklab.datastruct.tracker_state][INFO] - Total # detections: 8718 (GT=0)
[2025-06-13 13:27:05,518][tracklab.datastruct.tracker_state][INFO] - Total # detections with track_id: 1784
[2025-06-13 13:27:05,519][tracklab.datastruct.tracker_state][INFO] - Total # track_ids: 10
[2025-06-13 13:27:05,520][tracklab.main][INFO] - Starting evaluation.
[2025-06-13 13:27:05,521][tracklab.wrappers.eval.trackeval_evaluator][INFO] - Starting evaluation using TrackEval library (https://github.com/JonathonLuiten/TrackEval)
[2025-06-13 13:27:05,530][tracklab.datastruct.tracking_dataset][WARNING] - Dropped 6934 rows with NA values
[2025-06-13 13:27:05,552][tracklab.wrappers.eval.trackeval_evaluator][INFO] - Tracking predictions saved in ExternalVideo format in eval/pred/ExternalVideo-val/tracklab
[2025-06-13 13:27:05,553][tracklab.wrappers.eval.trackeval_evaluator][WARNING] - Stopping evaluation because the current split (val) has no ground truth detections.
[2025-06-13 13:27:05,554][tracklab.main][INFO] - Saved state at : /work6/k_yamada/TrackID3x3/CAMELTrack/states/CAMELTrack-val.pklz
