[2025-06-13 12:15:58,312][tracklab.main][INFO] - Run directory: /work6/k_yamada/TrackID3x3/CAMELTrack/outputs/CAMELTrack/2025-06-13/12-15-58
[2025-06-13 12:15:58,317][tracklab.main][INFO] - Using device: 'cuda'.
[2025-06-13 12:16:00,415][tracklab.main][INFO] - ExternalVideo= val set: 1
[2025-06-13 12:16:02,236][cameltrack.wrappers.bbox_detector.yolo_x_api][INFO] - Loaded YOLOX weights from /home/k_yamada/workspace6/TrackID3x3/BoT-SORT/pretrained/bytetrack_x_mot17.pth.tar
[2025-06-13 12:16:12,241][cameltrack.cameltrack][INFO] - Loading CAMEL checkpoint from `/work6/k_yamada/TrackID3x3/CAMELTrack/outputs/CAMELTrack/2025-06-13/12-15-58/camel_bbox_app_kps_sportsmot.ckpt`.
[2025-06-13 12:16:12,246][tracklab.pipeline.module][INFO] - Pipeline: YOLOXBoTSORT -> TopDownMMPose -> KPReId -> CAMELTrack
[2025-06-13 12:16:12,246][tracklab.main][INFO] - Starting tracking operation on val set.
[2025-06-13 12:16:12,252][tracklab.datastruct.tracker_state][INFO] - Saving TrackerState to /work6/k_yamada/TrackID3x3/CAMELTrack/states/CAMELTrack-val.pklz
[2025-06-13 12:16:12,253][tracklab.pipeline.module][INFO] - Pipeline has been validated
[2025-06-13 12:26:15,609][tracklab.datastruct.tracker_state][INFO] - 0 already exists in /work6/k_yamada/TrackID3x3/CAMELTrack/states/CAMELTrack-val.pklz file
[2025-06-13 12:26:15,635][tracklab.visualization.visualization_engine][INFO] - Visualization output at : /work6/k_yamada/TrackID3x3/CAMELTrack/outputs/CAMELTrack/2025-06-13/12-15-58/visualization
[2025-06-13 12:26:15,637][tracklab.datastruct.tracker_state][INFO] - Tracking ended, final TrackerState stats:
[2025-06-13 12:26:15,638][tracklab.datastruct.tracker_state][INFO] - Total # detections: 9895 (GT=0)
[2025-06-13 12:26:15,642][tracklab.datastruct.tracker_state][INFO] - Total # detections with track_id: 2056
[2025-06-13 12:26:15,643][tracklab.datastruct.tracker_state][INFO] - Total # track_ids: 11
[2025-06-13 12:26:15,645][tracklab.main][INFO] - Starting evaluation.
[2025-06-13 12:26:15,646][tracklab.wrappers.eval.trackeval_evaluator][INFO] - Starting evaluation using TrackEval library (https://github.com/JonathonLuiten/TrackEval)
[2025-06-13 12:26:15,655][tracklab.datastruct.tracking_dataset][WARNING] - Dropped 7839 rows with NA values
[2025-06-13 12:26:15,678][tracklab.wrappers.eval.trackeval_evaluator][INFO] - Tracking predictions saved in ExternalVideo format in eval/pred/ExternalVideo-val/tracklab
[2025-06-13 12:26:15,679][tracklab.wrappers.eval.trackeval_evaluator][WARNING] - Stopping evaluation because the current split (val) has no ground truth detections.
[2025-06-13 12:26:15,680][tracklab.main][INFO] - Saved state at : /work6/k_yamada/TrackID3x3/CAMELTrack/states/CAMELTrack-val.pklz
