[2025-06-13 13:43:47,645][tracklab.main][INFO] - Run directory: /work6/k_yamada/TrackID3x3/CAMELTrack/outputs/CAMELTrack/2025-06-13/13-43-47
[2025-06-13 13:43:47,649][tracklab.main][INFO] - Using device: 'cuda'.
[2025-06-13 13:43:49,771][tracklab.main][INFO] - ExternalVideo= val set: 1
[2025-06-13 13:43:51,637][cameltrack.wrappers.bbox_detector.yolo_x_api][INFO] - Loaded YOLOX weights from /home/k_yamada/workspace6/TrackID3x3/BoT-SORT/pretrained/bytetrack_x_mot17.pth.tar
[2025-06-13 13:44:02,026][cameltrack.cameltrack][INFO] - Loading CAMEL checkpoint from `/work6/k_yamada/TrackID3x3/CAMELTrack/outputs/CAMELTrack/2025-06-13/13-43-47/camel_bbox_app_kps_sportsmot.ckpt`.
[2025-06-13 13:44:02,030][tracklab.pipeline.module][INFO] - Pipeline: YOLOXBoTSORT -> TopDownMMPose -> KPReId -> CAMELTrack
[2025-06-13 13:44:02,031][tracklab.main][INFO] - Starting tracking operation on val set.
[2025-06-13 13:44:02,036][tracklab.datastruct.tracker_state][INFO] - Saving TrackerState to /work6/k_yamada/TrackID3x3/CAMELTrack/states/CAMELTrack-val.pklz
[2025-06-13 13:44:02,037][tracklab.pipeline.module][INFO] - Pipeline has been validated
[2025-06-13 13:50:33,384][tracklab.datastruct.tracker_state][INFO] - 0 already exists in /work6/k_yamada/TrackID3x3/CAMELTrack/states/CAMELTrack-val.pklz file
[2025-06-13 13:50:33,392][tracklab.visualization.visualization_engine][INFO] - Visualization output at : /work6/k_yamada/TrackID3x3/CAMELTrack/outputs/CAMELTrack/2025-06-13/13-43-47/visualization
[2025-06-13 13:50:33,392][tracklab.datastruct.tracker_state][INFO] - Tracking ended, final TrackerState stats:
[2025-06-13 13:50:33,393][tracklab.datastruct.tracker_state][INFO] - Total # detections: 6259 (GT=0)
[2025-06-13 13:50:33,396][tracklab.datastruct.tracker_state][INFO] - Total # detections with track_id: 1435
[2025-06-13 13:50:33,397][tracklab.datastruct.tracker_state][INFO] - Total # track_ids: 10
[2025-06-13 13:50:33,398][tracklab.main][INFO] - Starting evaluation.
[2025-06-13 13:50:33,399][tracklab.wrappers.eval.trackeval_evaluator][INFO] - Starting evaluation using TrackEval library (https://github.com/JonathonLuiten/TrackEval)
[2025-06-13 13:50:33,407][tracklab.datastruct.tracking_dataset][WARNING] - Dropped 4824 rows with NA values
[2025-06-13 13:50:33,429][tracklab.wrappers.eval.trackeval_evaluator][INFO] - Tracking predictions saved in ExternalVideo format in eval/pred/ExternalVideo-val/tracklab
[2025-06-13 13:50:33,430][tracklab.wrappers.eval.trackeval_evaluator][WARNING] - Stopping evaluation because the current split (val) has no ground truth detections.
[2025-06-13 13:50:33,431][tracklab.main][INFO] - Saved state at : /work6/k_yamada/TrackID3x3/CAMELTrack/states/CAMELTrack-val.pklz
