[2025-06-13 14:14:32,736][tracklab.main][INFO] - Run directory: /work6/k_yamada/TrackID3x3/CAMELTrack/outputs/CAMELTrack/2025-06-13/14-14-32
[2025-06-13 14:14:32,740][tracklab.main][INFO] - Using device: 'cuda'.
[2025-06-13 14:14:34,966][tracklab.main][INFO] - ExternalVideo= val set: 1
[2025-06-13 14:14:36,862][cameltrack.wrappers.bbox_detector.yolo_x_api][INFO] - Loaded YOLOX weights from /home/k_yamada/workspace6/TrackID3x3/BoT-SORT/pretrained/bytetrack_x_mot17.pth.tar
[2025-06-13 14:14:47,214][cameltrack.cameltrack][INFO] - Loading CAMEL checkpoint from `/work6/k_yamada/TrackID3x3/CAMELTrack/outputs/CAMELTrack/2025-06-13/14-14-32/camel_bbox_app_kps_sportsmot.ckpt`.
[2025-06-13 14:14:47,218][tracklab.pipeline.module][INFO] - Pipeline: YOLOXBoTSORT -> TopDownMMPose -> KPReId -> CAMELTrack
[2025-06-13 14:14:47,219][tracklab.main][INFO] - Starting tracking operation on val set.
[2025-06-13 14:14:47,224][tracklab.datastruct.tracker_state][INFO] - Saving TrackerState to /work6/k_yamada/TrackID3x3/CAMELTrack/states/CAMELTrack-val.pklz
[2025-06-13 14:14:47,225][tracklab.pipeline.module][INFO] - Pipeline has been validated
[2025-06-13 14:20:32,447][tracklab.datastruct.tracker_state][INFO] - 0 already exists in /work6/k_yamada/TrackID3x3/CAMELTrack/states/CAMELTrack-val.pklz file
[2025-06-13 14:20:32,460][tracklab.visualization.visualization_engine][INFO] - Visualization output at : /work6/k_yamada/TrackID3x3/CAMELTrack/outputs/CAMELTrack/2025-06-13/14-14-32/visualization
[2025-06-13 14:20:32,461][tracklab.datastruct.tracker_state][INFO] - Tracking ended, final TrackerState stats:
[2025-06-13 14:20:32,462][tracklab.datastruct.tracker_state][INFO] - Total # detections: 5635 (GT=0)
[2025-06-13 14:20:32,464][tracklab.datastruct.tracker_state][INFO] - Total # detections with track_id: 1167
[2025-06-13 14:20:32,465][tracklab.datastruct.tracker_state][INFO] - Total # track_ids: 10
[2025-06-13 14:20:32,466][tracklab.main][INFO] - Starting evaluation.
[2025-06-13 14:20:32,466][tracklab.wrappers.eval.trackeval_evaluator][INFO] - Starting evaluation using TrackEval library (https://github.com/JonathonLuiten/TrackEval)
[2025-06-13 14:20:32,473][tracklab.datastruct.tracking_dataset][WARNING] - Dropped 4468 rows with NA values
[2025-06-13 14:20:32,489][tracklab.wrappers.eval.trackeval_evaluator][INFO] - Tracking predictions saved in ExternalVideo format in eval/pred/ExternalVideo-val/tracklab
[2025-06-13 14:20:32,490][tracklab.wrappers.eval.trackeval_evaluator][WARNING] - Stopping evaluation because the current split (val) has no ground truth detections.
[2025-06-13 14:20:32,491][tracklab.main][INFO] - Saved state at : /work6/k_yamada/TrackID3x3/CAMELTrack/states/CAMELTrack-val.pklz
