[2025-06-13 14:04:16,085][tracklab.main][INFO] - Run directory: /work6/k_yamada/TrackID3x3/CAMELTrack/outputs/CAMELTrack/2025-06-13/14-04-15
[2025-06-13 14:04:16,089][tracklab.main][INFO] - Using device: 'cuda'.
[2025-06-13 14:04:18,238][tracklab.main][INFO] - ExternalVideo= val set: 1
[2025-06-13 14:04:20,085][cameltrack.wrappers.bbox_detector.yolo_x_api][INFO] - Loaded YOLOX weights from /home/k_yamada/workspace6/TrackID3x3/BoT-SORT/pretrained/bytetrack_x_mot17.pth.tar
[2025-06-13 14:04:30,676][cameltrack.cameltrack][INFO] - Loading CAMEL checkpoint from `/work6/k_yamada/TrackID3x3/CAMELTrack/outputs/CAMELTrack/2025-06-13/14-04-15/camel_bbox_app_kps_sportsmot.ckpt`.
[2025-06-13 14:04:30,680][tracklab.pipeline.module][INFO] - Pipeline: YOLOXBoTSORT -> TopDownMMPose -> KPReId -> CAMELTrack
[2025-06-13 14:04:30,681][tracklab.main][INFO] - Starting tracking operation on val set.
[2025-06-13 14:04:30,686][tracklab.datastruct.tracker_state][INFO] - Saving TrackerState to /work6/k_yamada/TrackID3x3/CAMELTrack/states/CAMELTrack-val.pklz
[2025-06-13 14:04:30,687][tracklab.pipeline.module][INFO] - Pipeline has been validated
[2025-06-13 14:09:51,827][tracklab.datastruct.tracker_state][INFO] - 0 already exists in /work6/k_yamada/TrackID3x3/CAMELTrack/states/CAMELTrack-val.pklz file
[2025-06-13 14:09:51,840][tracklab.visualization.visualization_engine][INFO] - Visualization output at : /work6/k_yamada/TrackID3x3/CAMELTrack/outputs/CAMELTrack/2025-06-13/14-04-15/visualization
[2025-06-13 14:09:51,841][tracklab.datastruct.tracker_state][INFO] - Tracking ended, final TrackerState stats:
[2025-06-13 14:09:51,842][tracklab.datastruct.tracker_state][INFO] - Total # detections: 5449 (GT=0)
[2025-06-13 14:09:51,846][tracklab.datastruct.tracker_state][INFO] - Total # detections with track_id: 1167
[2025-06-13 14:09:51,847][tracklab.datastruct.tracker_state][INFO] - Total # track_ids: 9
[2025-06-13 14:09:51,848][tracklab.main][INFO] - Starting evaluation.
[2025-06-13 14:09:51,849][tracklab.wrappers.eval.trackeval_evaluator][INFO] - Starting evaluation using TrackEval library (https://github.com/JonathonLuiten/TrackEval)
[2025-06-13 14:09:51,857][tracklab.datastruct.tracking_dataset][WARNING] - Dropped 4282 rows with NA values
[2025-06-13 14:09:51,877][tracklab.wrappers.eval.trackeval_evaluator][INFO] - Tracking predictions saved in ExternalVideo format in eval/pred/ExternalVideo-val/tracklab
[2025-06-13 14:09:51,877][tracklab.wrappers.eval.trackeval_evaluator][WARNING] - Stopping evaluation because the current split (val) has no ground truth detections.
[2025-06-13 14:09:51,878][tracklab.main][INFO] - Saved state at : /work6/k_yamada/TrackID3x3/CAMELTrack/states/CAMELTrack-val.pklz
