[2025-06-13 10:25:33,263][tracklab.main][INFO] - Run directory: /work6/k_yamada/TrackID3x3/CAMELTrack/outputs/CAMELTrack/2025-06-13/10-25-33
[2025-06-13 10:25:33,267][tracklab.main][INFO] - Using device: 'cuda'.
[2025-06-13 10:25:35,634][tracklab.main][INFO] - ExternalVideo= val set: 1
[2025-06-13 10:25:37,510][cameltrack.wrappers.bbox_detector.yolo_x_api][INFO] - Loaded YOLOX weights from /home/k_yamada/workspace6/TrackID3x3/BoT-SORT/pretrained/bytetrack_x_mot17.pth.tar
[2025-06-13 10:25:52,987][cameltrack.cameltrack][INFO] - Loading CAMEL checkpoint from `/work6/k_yamada/TrackID3x3/CAMELTrack/outputs/CAMELTrack/2025-06-13/10-25-33/camel_bbox_app_kps_sportsmot.ckpt`.
[2025-06-13 10:25:52,992][tracklab.pipeline.module][INFO] - Pipeline: YOLOXBoTSORT -> TopDownMMPose -> KPReId -> CAMELTrack
[2025-06-13 10:25:52,993][tracklab.main][INFO] - Starting tracking operation on val set.
[2025-06-13 10:25:52,998][tracklab.datastruct.tracker_state][INFO] - Saving TrackerState to /work6/k_yamada/TrackID3x3/CAMELTrack/states/CAMELTrack-val.pklz
[2025-06-13 10:25:52,999][tracklab.pipeline.module][INFO] - Pipeline has been validated
[2025-06-13 10:30:34,551][tracklab.datastruct.tracker_state][INFO] - 0 already exists in /work6/k_yamada/TrackID3x3/CAMELTrack/states/CAMELTrack-val.pklz file
[2025-06-13 10:30:34,558][tracklab.visualization.visualization_engine][INFO] - Visualization output at : /work6/k_yamada/TrackID3x3/CAMELTrack/outputs/CAMELTrack/2025-06-13/10-25-33/visualization
[2025-06-13 10:30:34,558][tracklab.datastruct.tracker_state][INFO] - Tracking ended, final TrackerState stats:
[2025-06-13 10:30:34,559][tracklab.datastruct.tracker_state][INFO] - Total # detections: 4159 (GT=0)
[2025-06-13 10:30:34,562][tracklab.datastruct.tracker_state][INFO] - Total # detections with track_id: 1835
[2025-06-13 10:30:34,562][tracklab.datastruct.tracker_state][INFO] - Total # track_ids: 10
[2025-06-13 10:30:34,563][tracklab.main][INFO] - Starting evaluation.
[2025-06-13 10:30:34,564][tracklab.wrappers.eval.trackeval_evaluator][INFO] - Starting evaluation using TrackEval library (https://github.com/JonathonLuiten/TrackEval)
[2025-06-13 10:30:34,570][tracklab.datastruct.tracking_dataset][WARNING] - Dropped 2324 rows with NA values
[2025-06-13 10:30:34,592][tracklab.wrappers.eval.trackeval_evaluator][INFO] - Tracking predictions saved in ExternalVideo format in eval/pred/ExternalVideo-val/tracklab
[2025-06-13 10:30:34,593][tracklab.wrappers.eval.trackeval_evaluator][WARNING] - Stopping evaluation because the current split (val) has no ground truth detections.
[2025-06-13 10:30:34,594][tracklab.main][INFO] - Saved state at : /work6/k_yamada/TrackID3x3/CAMELTrack/states/CAMELTrack-val.pklz
