[2025-06-13 10:57:35,095][tracklab.main][INFO] - Run directory: /work6/k_yamada/TrackID3x3/CAMELTrack/outputs/CAMELTrack/2025-06-13/10-57-34
[2025-06-13 10:57:35,100][tracklab.main][INFO] - Using device: 'cuda'.
[2025-06-13 10:57:37,308][tracklab.main][INFO] - ExternalVideo= val set: 1
[2025-06-13 10:57:39,209][cameltrack.wrappers.bbox_detector.yolo_x_api][INFO] - Loaded YOLOX weights from /home/k_yamada/workspace6/TrackID3x3/BoT-SORT/pretrained/bytetrack_x_mot17.pth.tar
[2025-06-13 10:57:51,176][cameltrack.cameltrack][INFO] - Loading CAMEL checkpoint from `/work6/k_yamada/TrackID3x3/CAMELTrack/outputs/CAMELTrack/2025-06-13/10-57-34/camel_bbox_app_kps_sportsmot.ckpt`.
[2025-06-13 10:57:51,182][tracklab.pipeline.module][INFO] - Pipeline: YOLOXBoTSORT -> TopDownMMPose -> KPReId -> CAMELTrack
[2025-06-13 10:57:51,183][tracklab.main][INFO] - Starting tracking operation on val set.
[2025-06-13 10:57:51,189][tracklab.datastruct.tracker_state][INFO] - Saving TrackerState to /work6/k_yamada/TrackID3x3/CAMELTrack/states/CAMELTrack-val.pklz
[2025-06-13 10:57:51,191][tracklab.pipeline.module][INFO] - Pipeline has been validated
[2025-06-13 11:09:40,460][tracklab.datastruct.tracker_state][INFO] - 0 already exists in /work6/k_yamada/TrackID3x3/CAMELTrack/states/CAMELTrack-val.pklz file
[2025-06-13 11:09:40,475][tracklab.visualization.visualization_engine][INFO] - Visualization output at : /work6/k_yamada/TrackID3x3/CAMELTrack/outputs/CAMELTrack/2025-06-13/10-57-34/visualization
[2025-06-13 11:09:40,509][tracklab.datastruct.tracker_state][INFO] - Tracking ended, final TrackerState stats:
[2025-06-13 11:09:40,511][tracklab.datastruct.tracker_state][INFO] - Total # detections: 11811 (GT=0)
[2025-06-13 11:09:40,516][tracklab.datastruct.tracker_state][INFO] - Total # detections with track_id: 2031
[2025-06-13 11:09:40,517][tracklab.datastruct.tracker_state][INFO] - Total # track_ids: 12
[2025-06-13 11:09:40,518][tracklab.main][INFO] - Starting evaluation.
[2025-06-13 11:09:40,519][tracklab.wrappers.eval.trackeval_evaluator][INFO] - Starting evaluation using TrackEval library (https://github.com/JonathonLuiten/TrackEval)
[2025-06-13 11:09:40,537][tracklab.datastruct.tracking_dataset][WARNING] - Dropped 9780 rows with NA values
[2025-06-13 11:09:40,571][tracklab.wrappers.eval.trackeval_evaluator][INFO] - Tracking predictions saved in ExternalVideo format in eval/pred/ExternalVideo-val/tracklab
[2025-06-13 11:09:40,573][tracklab.wrappers.eval.trackeval_evaluator][WARNING] - Stopping evaluation because the current split (val) has no ground truth detections.
[2025-06-13 11:09:40,574][tracklab.main][INFO] - Saved state at : /work6/k_yamada/TrackID3x3/CAMELTrack/states/CAMELTrack-val.pklz
