[2025-06-13 15:06:00,087][tracklab.main][INFO] - Run directory: /work6/k_yamada/TrackID3x3/CAMELTrack/outputs/CAMELTrack/2025-06-13/15-05-59
[2025-06-13 15:06:00,091][tracklab.main][INFO] - Using device: 'cuda'.
[2025-06-13 15:06:02,321][tracklab.main][INFO] - ExternalVideo= val set: 1
[2025-06-13 15:06:04,154][cameltrack.wrappers.bbox_detector.yolo_x_api][INFO] - Loaded YOLOX weights from /home/k_yamada/workspace6/TrackID3x3/BoT-SORT/pretrained/bytetrack_x_mot17.pth.tar
[2025-06-13 15:06:14,434][cameltrack.cameltrack][INFO] - Loading CAMEL checkpoint from `/work6/k_yamada/TrackID3x3/CAMELTrack/outputs/CAMELTrack/2025-06-13/15-05-59/camel_bbox_app_kps_sportsmot.ckpt`.
[2025-06-13 15:06:14,438][tracklab.pipeline.module][INFO] - Pipeline: YOLOXBoTSORT -> TopDownMMPose -> KPReId -> CAMELTrack
[2025-06-13 15:06:14,439][tracklab.main][INFO] - Starting tracking operation on val set.
[2025-06-13 15:06:14,444][tracklab.datastruct.tracker_state][INFO] - Saving TrackerState to /work6/k_yamada/TrackID3x3/CAMELTrack/states/CAMELTrack-val.pklz
[2025-06-13 15:06:14,445][tracklab.pipeline.module][INFO] - Pipeline has been validated
[2025-06-13 15:13:32,625][tracklab.datastruct.tracker_state][INFO] - 0 already exists in /work6/k_yamada/TrackID3x3/CAMELTrack/states/CAMELTrack-val.pklz file
[2025-06-13 15:13:32,631][tracklab.visualization.visualization_engine][INFO] - Visualization output at : /work6/k_yamada/TrackID3x3/CAMELTrack/outputs/CAMELTrack/2025-06-13/15-05-59/visualization
[2025-06-13 15:13:32,631][tracklab.datastruct.tracker_state][INFO] - Tracking ended, final TrackerState stats:
[2025-06-13 15:13:32,632][tracklab.datastruct.tracker_state][INFO] - Total # detections: 7187 (GT=0)
[2025-06-13 15:13:32,634][tracklab.datastruct.tracker_state][INFO] - Total # detections with track_id: 1542
[2025-06-13 15:13:32,635][tracklab.datastruct.tracker_state][INFO] - Total # track_ids: 10
[2025-06-13 15:13:32,636][tracklab.main][INFO] - Starting evaluation.
[2025-06-13 15:13:32,636][tracklab.wrappers.eval.trackeval_evaluator][INFO] - Starting evaluation using TrackEval library (https://github.com/JonathonLuiten/TrackEval)
[2025-06-13 15:13:32,644][tracklab.datastruct.tracking_dataset][WARNING] - Dropped 5645 rows with NA values
[2025-06-13 15:13:32,664][tracklab.wrappers.eval.trackeval_evaluator][INFO] - Tracking predictions saved in ExternalVideo format in eval/pred/ExternalVideo-val/tracklab
[2025-06-13 15:13:32,665][tracklab.wrappers.eval.trackeval_evaluator][WARNING] - Stopping evaluation because the current split (val) has no ground truth detections.
[2025-06-13 15:13:32,666][tracklab.main][INFO] - Saved state at : /work6/k_yamada/TrackID3x3/CAMELTrack/states/CAMELTrack-val.pklz
