[2025-06-13 14:57:12,152][tracklab.main][INFO] - Run directory: /work6/k_yamada/TrackID3x3/CAMELTrack/outputs/CAMELTrack/2025-06-13/14-57-11
[2025-06-13 14:57:12,156][tracklab.main][INFO] - Using device: 'cuda'.
[2025-06-13 14:57:14,411][tracklab.main][INFO] - ExternalVideo= val set: 1
[2025-06-13 14:57:16,305][cameltrack.wrappers.bbox_detector.yolo_x_api][INFO] - Loaded YOLOX weights from /home/k_yamada/workspace6/TrackID3x3/BoT-SORT/pretrained/bytetrack_x_mot17.pth.tar
[2025-06-13 14:57:26,891][cameltrack.cameltrack][INFO] - Loading CAMEL checkpoint from `/work6/k_yamada/TrackID3x3/CAMELTrack/outputs/CAMELTrack/2025-06-13/14-57-11/camel_bbox_app_kps_sportsmot.ckpt`.
[2025-06-13 14:57:26,896][tracklab.pipeline.module][INFO] - Pipeline: YOLOXBoTSORT -> TopDownMMPose -> KPReId -> CAMELTrack
[2025-06-13 14:57:26,897][tracklab.main][INFO] - Starting tracking operation on val set.
[2025-06-13 14:57:26,902][tracklab.datastruct.tracker_state][INFO] - Saving TrackerState to /work6/k_yamada/TrackID3x3/CAMELTrack/states/CAMELTrack-val.pklz
[2025-06-13 14:57:26,903][tracklab.pipeline.module][INFO] - Pipeline has been validated
[2025-06-13 15:05:50,062][tracklab.datastruct.tracker_state][INFO] - 0 already exists in /work6/k_yamada/TrackID3x3/CAMELTrack/states/CAMELTrack-val.pklz file
[2025-06-13 15:05:50,071][tracklab.visualization.visualization_engine][INFO] - Visualization output at : /work6/k_yamada/TrackID3x3/CAMELTrack/outputs/CAMELTrack/2025-06-13/14-57-11/visualization
[2025-06-13 15:05:50,072][tracklab.datastruct.tracker_state][INFO] - Tracking ended, final TrackerState stats:
[2025-06-13 15:05:50,072][tracklab.datastruct.tracker_state][INFO] - Total # detections: 8505 (GT=0)
[2025-06-13 15:05:50,075][tracklab.datastruct.tracker_state][INFO] - Total # detections with track_id: 1381
[2025-06-13 15:05:50,076][tracklab.datastruct.tracker_state][INFO] - Total # track_ids: 9
[2025-06-13 15:05:50,077][tracklab.main][INFO] - Starting evaluation.
[2025-06-13 15:05:50,078][tracklab.wrappers.eval.trackeval_evaluator][INFO] - Starting evaluation using TrackEval library (https://github.com/JonathonLuiten/TrackEval)
[2025-06-13 15:05:50,088][tracklab.datastruct.tracking_dataset][WARNING] - Dropped 7124 rows with NA values
[2025-06-13 15:05:50,114][tracklab.wrappers.eval.trackeval_evaluator][INFO] - Tracking predictions saved in ExternalVideo format in eval/pred/ExternalVideo-val/tracklab
[2025-06-13 15:05:50,114][tracklab.wrappers.eval.trackeval_evaluator][WARNING] - Stopping evaluation because the current split (val) has no ground truth detections.
[2025-06-13 15:05:50,116][tracklab.main][INFO] - Saved state at : /work6/k_yamada/TrackID3x3/CAMELTrack/states/CAMELTrack-val.pklz
