[2025-06-13 15:13:42,326][tracklab.main][INFO] - Run directory: /work6/k_yamada/TrackID3x3/CAMELTrack/outputs/CAMELTrack/2025-06-13/15-13-42
[2025-06-13 15:13:42,330][tracklab.main][INFO] - Using device: 'cuda'.
[2025-06-13 15:13:44,519][tracklab.main][INFO] - ExternalVideo= val set: 1
[2025-06-13 15:13:46,368][cameltrack.wrappers.bbox_detector.yolo_x_api][INFO] - Loaded YOLOX weights from /home/k_yamada/workspace6/TrackID3x3/BoT-SORT/pretrained/bytetrack_x_mot17.pth.tar
[2025-06-13 15:13:57,628][cameltrack.cameltrack][INFO] - Loading CAMEL checkpoint from `/work6/k_yamada/TrackID3x3/CAMELTrack/outputs/CAMELTrack/2025-06-13/15-13-42/camel_bbox_app_kps_sportsmot.ckpt`.
[2025-06-13 15:13:57,634][tracklab.pipeline.module][INFO] - Pipeline: YOLOXBoTSORT -> TopDownMMPose -> KPReId -> CAMELTrack
[2025-06-13 15:13:57,635][tracklab.main][INFO] - Starting tracking operation on val set.
[2025-06-13 15:13:57,643][tracklab.datastruct.tracker_state][INFO] - Saving TrackerState to /work6/k_yamada/TrackID3x3/CAMELTrack/states/CAMELTrack-val.pklz
[2025-06-13 15:13:57,644][tracklab.pipeline.module][INFO] - Pipeline has been validated
[2025-06-13 15:21:40,711][tracklab.datastruct.tracker_state][INFO] - 0 already exists in /work6/k_yamada/TrackID3x3/CAMELTrack/states/CAMELTrack-val.pklz file
[2025-06-13 15:21:40,719][tracklab.visualization.visualization_engine][INFO] - Visualization output at : /work6/k_yamada/TrackID3x3/CAMELTrack/outputs/CAMELTrack/2025-06-13/15-13-42/visualization
[2025-06-13 15:21:40,719][tracklab.datastruct.tracker_state][INFO] - Tracking ended, final TrackerState stats:
[2025-06-13 15:21:40,720][tracklab.datastruct.tracker_state][INFO] - Total # detections: 7338 (GT=0)
[2025-06-13 15:21:40,722][tracklab.datastruct.tracker_state][INFO] - Total # detections with track_id: 1614
[2025-06-13 15:21:40,723][tracklab.datastruct.tracker_state][INFO] - Total # track_ids: 10
[2025-06-13 15:21:40,724][tracklab.main][INFO] - Starting evaluation.
[2025-06-13 15:21:40,725][tracklab.wrappers.eval.trackeval_evaluator][INFO] - Starting evaluation using TrackEval library (https://github.com/JonathonLuiten/TrackEval)
[2025-06-13 15:21:40,732][tracklab.datastruct.tracking_dataset][WARNING] - Dropped 5724 rows with NA values
[2025-06-13 15:21:40,753][tracklab.wrappers.eval.trackeval_evaluator][INFO] - Tracking predictions saved in ExternalVideo format in eval/pred/ExternalVideo-val/tracklab
[2025-06-13 15:21:40,754][tracklab.wrappers.eval.trackeval_evaluator][WARNING] - Stopping evaluation because the current split (val) has no ground truth detections.
[2025-06-13 15:21:40,755][tracklab.main][INFO] - Saved state at : /work6/k_yamada/TrackID3x3/CAMELTrack/states/CAMELTrack-val.pklz
