[2025-06-13 14:29:53,646][tracklab.main][INFO] - Run directory: /work6/k_yamada/TrackID3x3/CAMELTrack/outputs/CAMELTrack/2025-06-13/14-29-53
[2025-06-13 14:29:53,649][tracklab.main][INFO] - Using device: 'cuda'.
[2025-06-13 14:29:55,937][tracklab.main][INFO] - ExternalVideo= val set: 1
[2025-06-13 14:29:57,821][cameltrack.wrappers.bbox_detector.yolo_x_api][INFO] - Loaded YOLOX weights from /home/k_yamada/workspace6/TrackID3x3/BoT-SORT/pretrained/bytetrack_x_mot17.pth.tar
[2025-06-13 14:30:08,697][cameltrack.cameltrack][INFO] - Loading CAMEL checkpoint from `/work6/k_yamada/TrackID3x3/CAMELTrack/outputs/CAMELTrack/2025-06-13/14-29-53/camel_bbox_app_kps_sportsmot.ckpt`.
[2025-06-13 14:30:08,704][tracklab.pipeline.module][INFO] - Pipeline: YOLOXBoTSORT -> TopDownMMPose -> KPReId -> CAMELTrack
[2025-06-13 14:30:08,705][tracklab.main][INFO] - Starting tracking operation on val set.
[2025-06-13 14:30:08,713][tracklab.datastruct.tracker_state][INFO] - Saving TrackerState to /work6/k_yamada/TrackID3x3/CAMELTrack/states/CAMELTrack-val.pklz
[2025-06-13 14:30:08,714][tracklab.pipeline.module][INFO] - Pipeline has been validated
[2025-06-13 14:40:48,663][tracklab.datastruct.tracker_state][INFO] - 0 already exists in /work6/k_yamada/TrackID3x3/CAMELTrack/states/CAMELTrack-val.pklz file
[2025-06-13 14:40:48,673][tracklab.visualization.visualization_engine][INFO] - Visualization output at : /work6/k_yamada/TrackID3x3/CAMELTrack/outputs/CAMELTrack/2025-06-13/14-29-53/visualization
[2025-06-13 14:40:48,674][tracklab.datastruct.tracker_state][INFO] - Tracking ended, final TrackerState stats:
[2025-06-13 14:40:48,675][tracklab.datastruct.tracker_state][INFO] - Total # detections: 10046 (GT=0)
[2025-06-13 14:40:48,679][tracklab.datastruct.tracker_state][INFO] - Total # detections with track_id: 2333
[2025-06-13 14:40:48,680][tracklab.datastruct.tracker_state][INFO] - Total # track_ids: 9
[2025-06-13 14:40:48,681][tracklab.main][INFO] - Starting evaluation.
[2025-06-13 14:40:48,682][tracklab.wrappers.eval.trackeval_evaluator][INFO] - Starting evaluation using TrackEval library (https://github.com/JonathonLuiten/TrackEval)
[2025-06-13 14:40:48,693][tracklab.datastruct.tracking_dataset][WARNING] - Dropped 7713 rows with NA values
[2025-06-13 14:40:48,725][tracklab.wrappers.eval.trackeval_evaluator][INFO] - Tracking predictions saved in ExternalVideo format in eval/pred/ExternalVideo-val/tracklab
[2025-06-13 14:40:48,726][tracklab.wrappers.eval.trackeval_evaluator][WARNING] - Stopping evaluation because the current split (val) has no ground truth detections.
[2025-06-13 14:40:48,727][tracklab.main][INFO] - Saved state at : /work6/k_yamada/TrackID3x3/CAMELTrack/states/CAMELTrack-val.pklz
