[2025-06-13 13:04:07,127][tracklab.main][INFO] - Run directory: /work6/k_yamada/TrackID3x3/CAMELTrack/outputs/CAMELTrack/2025-06-13/13-04-06
[2025-06-13 13:04:07,132][tracklab.main][INFO] - Using device: 'cuda'.
[2025-06-13 13:04:09,600][tracklab.main][INFO] - ExternalVideo= val set: 1
[2025-06-13 13:04:11,668][cameltrack.wrappers.bbox_detector.yolo_x_api][INFO] - Loaded YOLOX weights from /home/k_yamada/workspace6/TrackID3x3/BoT-SORT/pretrained/bytetrack_x_mot17.pth.tar
[2025-06-13 13:04:22,449][cameltrack.cameltrack][INFO] - Loading CAMEL checkpoint from `/work6/k_yamada/TrackID3x3/CAMELTrack/outputs/CAMELTrack/2025-06-13/13-04-06/camel_bbox_app_kps_sportsmot.ckpt`.
[2025-06-13 13:04:22,454][tracklab.pipeline.module][INFO] - Pipeline: YOLOXBoTSORT -> TopDownMMPose -> KPReId -> CAMELTrack
[2025-06-13 13:04:22,455][tracklab.main][INFO] - Starting tracking operation on val set.
[2025-06-13 13:04:22,460][tracklab.datastruct.tracker_state][INFO] - Saving TrackerState to /work6/k_yamada/TrackID3x3/CAMELTrack/states/CAMELTrack-val.pklz
[2025-06-13 13:04:22,461][tracklab.pipeline.module][INFO] - Pipeline has been validated
[2025-06-13 13:13:26,023][tracklab.datastruct.tracker_state][INFO] - 0 already exists in /work6/k_yamada/TrackID3x3/CAMELTrack/states/CAMELTrack-val.pklz file
[2025-06-13 13:13:26,035][tracklab.visualization.visualization_engine][INFO] - Visualization output at : /work6/k_yamada/TrackID3x3/CAMELTrack/outputs/CAMELTrack/2025-06-13/13-04-06/visualization
[2025-06-13 13:13:26,036][tracklab.datastruct.tracker_state][INFO] - Tracking ended, final TrackerState stats:
[2025-06-13 13:13:26,036][tracklab.datastruct.tracker_state][INFO] - Total # detections: 8220 (GT=0)
[2025-06-13 13:13:26,040][tracklab.datastruct.tracker_state][INFO] - Total # detections with track_id: 1837
[2025-06-13 13:13:26,041][tracklab.datastruct.tracker_state][INFO] - Total # track_ids: 10
[2025-06-13 13:13:26,042][tracklab.main][INFO] - Starting evaluation.
[2025-06-13 13:13:26,043][tracklab.wrappers.eval.trackeval_evaluator][INFO] - Starting evaluation using TrackEval library (https://github.com/JonathonLuiten/TrackEval)
[2025-06-13 13:13:26,053][tracklab.datastruct.tracking_dataset][WARNING] - Dropped 6383 rows with NA values
[2025-06-13 13:13:26,080][tracklab.wrappers.eval.trackeval_evaluator][INFO] - Tracking predictions saved in ExternalVideo format in eval/pred/ExternalVideo-val/tracklab
[2025-06-13 13:13:26,081][tracklab.wrappers.eval.trackeval_evaluator][WARNING] - Stopping evaluation because the current split (val) has no ground truth detections.
[2025-06-13 13:13:26,083][tracklab.main][INFO] - Saved state at : /work6/k_yamada/TrackID3x3/CAMELTrack/states/CAMELTrack-val.pklz
