[2025-06-13 12:44:17,560][tracklab.main][INFO] - Run directory: /work6/k_yamada/TrackID3x3/CAMELTrack/outputs/CAMELTrack/2025-06-13/12-44-17
[2025-06-13 12:44:17,564][tracklab.main][INFO] - Using device: 'cuda'.
[2025-06-13 12:44:19,361][tracklab.main][INFO] - ExternalVideo= val set: 1
[2025-06-13 12:44:21,210][cameltrack.wrappers.bbox_detector.yolo_x_api][INFO] - Loaded YOLOX weights from /home/k_yamada/workspace6/TrackID3x3/BoT-SORT/pretrained/bytetrack_x_mot17.pth.tar
[2025-06-13 12:44:27,431][cameltrack.cameltrack][INFO] - Loading CAMEL checkpoint from `/work6/k_yamada/TrackID3x3/CAMELTrack/outputs/CAMELTrack/2025-06-13/12-44-17/camel_bbox_app_kps_sportsmot.ckpt`.
[2025-06-13 12:44:27,436][tracklab.pipeline.module][INFO] - Pipeline: YOLOXBoTSORT -> TopDownMMPose -> KPReId -> CAMELTrack
[2025-06-13 12:44:27,437][tracklab.main][INFO] - Starting tracking operation on val set.
[2025-06-13 12:44:27,442][tracklab.datastruct.tracker_state][INFO] - Saving TrackerState to /work6/k_yamada/TrackID3x3/CAMELTrack/states/CAMELTrack-val.pklz
[2025-06-13 12:44:27,443][tracklab.pipeline.module][INFO] - Pipeline has been validated
[2025-06-13 12:52:58,067][tracklab.datastruct.tracker_state][INFO] - 0 already exists in /work6/k_yamada/TrackID3x3/CAMELTrack/states/CAMELTrack-val.pklz file
[2025-06-13 12:52:58,077][tracklab.visualization.visualization_engine][INFO] - Visualization output at : /work6/k_yamada/TrackID3x3/CAMELTrack/outputs/CAMELTrack/2025-06-13/12-44-17/visualization
[2025-06-13 12:52:58,078][tracklab.datastruct.tracker_state][INFO] - Tracking ended, final TrackerState stats:
[2025-06-13 12:52:58,079][tracklab.datastruct.tracker_state][INFO] - Total # detections: 8929 (GT=0)
[2025-06-13 12:52:58,082][tracklab.datastruct.tracker_state][INFO] - Total # detections with track_id: 1724
[2025-06-13 12:52:58,083][tracklab.datastruct.tracker_state][INFO] - Total # track_ids: 10
[2025-06-13 12:52:58,084][tracklab.main][INFO] - Starting evaluation.
[2025-06-13 12:52:58,084][tracklab.wrappers.eval.trackeval_evaluator][INFO] - Starting evaluation using TrackEval library (https://github.com/JonathonLuiten/TrackEval)
[2025-06-13 12:52:58,095][tracklab.datastruct.tracking_dataset][WARNING] - Dropped 7205 rows with NA values
[2025-06-13 12:52:58,117][tracklab.wrappers.eval.trackeval_evaluator][INFO] - Tracking predictions saved in ExternalVideo format in eval/pred/ExternalVideo-val/tracklab
[2025-06-13 12:52:58,119][tracklab.wrappers.eval.trackeval_evaluator][WARNING] - Stopping evaluation because the current split (val) has no ground truth detections.
[2025-06-13 12:52:58,120][tracklab.main][INFO] - Saved state at : /work6/k_yamada/TrackID3x3/CAMELTrack/states/CAMELTrack-val.pklz
