[2025-06-13 13:50:42,287][tracklab.main][INFO] - Run directory: /work6/k_yamada/TrackID3x3/CAMELTrack/outputs/CAMELTrack/2025-06-13/13-50-42
[2025-06-13 13:50:42,290][tracklab.main][INFO] - Using device: 'cuda'.
[2025-06-13 13:50:44,090][tracklab.main][INFO] - ExternalVideo= val set: 1
[2025-06-13 13:50:46,143][cameltrack.wrappers.bbox_detector.yolo_x_api][INFO] - Loaded YOLOX weights from /home/k_yamada/workspace6/TrackID3x3/BoT-SORT/pretrained/bytetrack_x_mot17.pth.tar
[2025-06-13 13:50:55,905][cameltrack.cameltrack][INFO] - Loading CAMEL checkpoint from `/work6/k_yamada/TrackID3x3/CAMELTrack/outputs/CAMELTrack/2025-06-13/13-50-42/camel_bbox_app_kps_sportsmot.ckpt`.
[2025-06-13 13:50:55,910][tracklab.pipeline.module][INFO] - Pipeline: YOLOXBoTSORT -> TopDownMMPose -> KPReId -> CAMELTrack
[2025-06-13 13:50:55,911][tracklab.main][INFO] - Starting tracking operation on val set.
[2025-06-13 13:50:55,916][tracklab.datastruct.tracker_state][INFO] - Saving TrackerState to /work6/k_yamada/TrackID3x3/CAMELTrack/states/CAMELTrack-val.pklz
[2025-06-13 13:50:55,917][tracklab.pipeline.module][INFO] - Pipeline has been validated
[2025-06-13 13:56:06,353][tracklab.datastruct.tracker_state][INFO] - 0 already exists in /work6/k_yamada/TrackID3x3/CAMELTrack/states/CAMELTrack-val.pklz file
[2025-06-13 13:56:06,362][tracklab.visualization.visualization_engine][INFO] - Visualization output at : /work6/k_yamada/TrackID3x3/CAMELTrack/outputs/CAMELTrack/2025-06-13/13-50-42/visualization
[2025-06-13 13:56:06,363][tracklab.datastruct.tracker_state][INFO] - Tracking ended, final TrackerState stats:
[2025-06-13 13:56:06,364][tracklab.datastruct.tracker_state][INFO] - Total # detections: 5334 (GT=0)
[2025-06-13 13:56:06,371][tracklab.datastruct.tracker_state][INFO] - Total # detections with track_id: 972
[2025-06-13 13:56:06,372][tracklab.datastruct.tracker_state][INFO] - Total # track_ids: 10
[2025-06-13 13:56:06,373][tracklab.main][INFO] - Starting evaluation.
[2025-06-13 13:56:06,374][tracklab.wrappers.eval.trackeval_evaluator][INFO] - Starting evaluation using TrackEval library (https://github.com/JonathonLuiten/TrackEval)
[2025-06-13 13:56:06,385][tracklab.datastruct.tracking_dataset][WARNING] - Dropped 4362 rows with NA values
[2025-06-13 13:56:06,404][tracklab.wrappers.eval.trackeval_evaluator][INFO] - Tracking predictions saved in ExternalVideo format in eval/pred/ExternalVideo-val/tracklab
[2025-06-13 13:56:06,405][tracklab.wrappers.eval.trackeval_evaluator][WARNING] - Stopping evaluation because the current split (val) has no ground truth detections.
[2025-06-13 13:56:06,406][tracklab.main][INFO] - Saved state at : /work6/k_yamada/TrackID3x3/CAMELTrack/states/CAMELTrack-val.pklz
