[2025-06-13 13:13:36,417][tracklab.main][INFO] - Run directory: /work6/k_yamada/TrackID3x3/CAMELTrack/outputs/CAMELTrack/2025-06-13/13-13-36
[2025-06-13 13:13:36,421][tracklab.main][INFO] - Using device: 'cuda'.
[2025-06-13 13:13:38,530][tracklab.main][INFO] - ExternalVideo= val set: 1
[2025-06-13 13:13:40,512][cameltrack.wrappers.bbox_detector.yolo_x_api][INFO] - Loaded YOLOX weights from /home/k_yamada/workspace6/TrackID3x3/BoT-SORT/pretrained/bytetrack_x_mot17.pth.tar
[2025-06-13 13:13:48,063][cameltrack.cameltrack][INFO] - Loading CAMEL checkpoint from `/work6/k_yamada/TrackID3x3/CAMELTrack/outputs/CAMELTrack/2025-06-13/13-13-36/camel_bbox_app_kps_sportsmot.ckpt`.
[2025-06-13 13:13:48,068][tracklab.pipeline.module][INFO] - Pipeline: YOLOXBoTSORT -> TopDownMMPose -> KPReId -> CAMELTrack
[2025-06-13 13:13:48,069][tracklab.main][INFO] - Starting tracking operation on val set.
[2025-06-13 13:13:48,074][tracklab.datastruct.tracker_state][INFO] - Saving TrackerState to /work6/k_yamada/TrackID3x3/CAMELTrack/states/CAMELTrack-val.pklz
[2025-06-13 13:13:48,075][tracklab.pipeline.module][INFO] - Pipeline has been validated
[2025-06-13 13:17:35,145][tracklab.datastruct.tracker_state][INFO] - 0 already exists in /work6/k_yamada/TrackID3x3/CAMELTrack/states/CAMELTrack-val.pklz file
[2025-06-13 13:17:35,152][tracklab.visualization.visualization_engine][INFO] - Visualization output at : /work6/k_yamada/TrackID3x3/CAMELTrack/outputs/CAMELTrack/2025-06-13/13-13-36/visualization
[2025-06-13 13:17:35,153][tracklab.datastruct.tracker_state][INFO] - Tracking ended, final TrackerState stats:
[2025-06-13 13:17:35,153][tracklab.datastruct.tracker_state][INFO] - Total # detections: 3551 (GT=0)
[2025-06-13 13:17:35,156][tracklab.datastruct.tracker_state][INFO] - Total # detections with track_id: 790
[2025-06-13 13:17:35,156][tracklab.datastruct.tracker_state][INFO] - Total # track_ids: 10
[2025-06-13 13:17:35,157][tracklab.main][INFO] - Starting evaluation.
[2025-06-13 13:17:35,158][tracklab.wrappers.eval.trackeval_evaluator][INFO] - Starting evaluation using TrackEval library (https://github.com/JonathonLuiten/TrackEval)
[2025-06-13 13:17:35,164][tracklab.datastruct.tracking_dataset][WARNING] - Dropped 2761 rows with NA values
[2025-06-13 13:17:35,186][tracklab.wrappers.eval.trackeval_evaluator][INFO] - Tracking predictions saved in ExternalVideo format in eval/pred/ExternalVideo-val/tracklab
[2025-06-13 13:17:35,188][tracklab.wrappers.eval.trackeval_evaluator][WARNING] - Stopping evaluation because the current split (val) has no ground truth detections.
[2025-06-13 13:17:35,190][tracklab.main][INFO] - Saved state at : /work6/k_yamada/TrackID3x3/CAMELTrack/states/CAMELTrack-val.pklz
