[2025-06-13 10:30:44,776][tracklab.main][INFO] - Run directory: /work6/k_yamada/TrackID3x3/CAMELTrack/outputs/CAMELTrack/2025-06-13/10-30-44
[2025-06-13 10:30:44,779][tracklab.main][INFO] - Using device: 'cuda'.
[2025-06-13 10:30:47,026][tracklab.main][INFO] - ExternalVideo= val set: 1
[2025-06-13 10:30:48,911][cameltrack.wrappers.bbox_detector.yolo_x_api][INFO] - Loaded YOLOX weights from /home/k_yamada/workspace6/TrackID3x3/BoT-SORT/pretrained/bytetrack_x_mot17.pth.tar
[2025-06-13 10:30:59,377][cameltrack.cameltrack][INFO] - Loading CAMEL checkpoint from `/work6/k_yamada/TrackID3x3/CAMELTrack/outputs/CAMELTrack/2025-06-13/10-30-44/camel_bbox_app_kps_sportsmot.ckpt`.
[2025-06-13 10:30:59,382][tracklab.pipeline.module][INFO] - Pipeline: YOLOXBoTSORT -> TopDownMMPose -> KPReId -> CAMELTrack
[2025-06-13 10:30:59,382][tracklab.main][INFO] - Starting tracking operation on val set.
[2025-06-13 10:30:59,387][tracklab.datastruct.tracker_state][INFO] - Saving TrackerState to /work6/k_yamada/TrackID3x3/CAMELTrack/states/CAMELTrack-val.pklz
[2025-06-13 10:30:59,388][tracklab.pipeline.module][INFO] - Pipeline has been validated
[2025-06-13 10:34:19,031][tracklab.datastruct.tracker_state][INFO] - 0 already exists in /work6/k_yamada/TrackID3x3/CAMELTrack/states/CAMELTrack-val.pklz file
[2025-06-13 10:34:19,037][tracklab.visualization.visualization_engine][INFO] - Visualization output at : /work6/k_yamada/TrackID3x3/CAMELTrack/outputs/CAMELTrack/2025-06-13/10-30-44/visualization
[2025-06-13 10:34:19,038][tracklab.datastruct.tracker_state][INFO] - Tracking ended, final TrackerState stats:
[2025-06-13 10:34:19,038][tracklab.datastruct.tracker_state][INFO] - Total # detections: 3075 (GT=0)
[2025-06-13 10:34:19,041][tracklab.datastruct.tracker_state][INFO] - Total # detections with track_id: 1263
[2025-06-13 10:34:19,041][tracklab.datastruct.tracker_state][INFO] - Total # track_ids: 11
[2025-06-13 10:34:19,042][tracklab.main][INFO] - Starting evaluation.
[2025-06-13 10:34:19,043][tracklab.wrappers.eval.trackeval_evaluator][INFO] - Starting evaluation using TrackEval library (https://github.com/JonathonLuiten/TrackEval)
[2025-06-13 10:34:19,049][tracklab.datastruct.tracking_dataset][WARNING] - Dropped 1812 rows with NA values
[2025-06-13 10:34:19,068][tracklab.wrappers.eval.trackeval_evaluator][INFO] - Tracking predictions saved in ExternalVideo format in eval/pred/ExternalVideo-val/tracklab
[2025-06-13 10:34:19,069][tracklab.wrappers.eval.trackeval_evaluator][WARNING] - Stopping evaluation because the current split (val) has no ground truth detections.
[2025-06-13 10:34:19,071][tracklab.main][INFO] - Saved state at : /work6/k_yamada/TrackID3x3/CAMELTrack/states/CAMELTrack-val.pklz
