[2025-06-13 11:10:04,262][tracklab.main][INFO] - Run directory: /work6/k_yamada/TrackID3x3/CAMELTrack/outputs/CAMELTrack/2025-06-13/11-10-03
[2025-06-13 11:10:04,267][tracklab.main][INFO] - Using device: 'cuda'.
[2025-06-13 11:10:11,948][tracklab.main][INFO] - ExternalVideo= val set: 1
[2025-06-13 11:10:14,920][cameltrack.wrappers.bbox_detector.yolo_x_api][INFO] - Loaded YOLOX weights from /home/k_yamada/workspace6/TrackID3x3/BoT-SORT/pretrained/bytetrack_x_mot17.pth.tar
[2025-06-13 11:10:31,594][cameltrack.cameltrack][INFO] - Loading CAMEL checkpoint from `/work6/k_yamada/TrackID3x3/CAMELTrack/outputs/CAMELTrack/2025-06-13/11-10-03/camel_bbox_app_kps_sportsmot.ckpt`.
[2025-06-13 11:10:31,605][tracklab.pipeline.module][INFO] - Pipeline: YOLOXBoTSORT -> TopDownMMPose -> KPReId -> CAMELTrack
[2025-06-13 11:10:31,607][tracklab.main][INFO] - Starting tracking operation on val set.
[2025-06-13 11:10:31,626][tracklab.datastruct.tracker_state][INFO] - Saving TrackerState to /work6/k_yamada/TrackID3x3/CAMELTrack/states/CAMELTrack-val.pklz
[2025-06-13 11:10:31,628][tracklab.pipeline.module][INFO] - Pipeline has been validated
[2025-06-13 11:19:40,526][tracklab.datastruct.tracker_state][INFO] - 0 already exists in /work6/k_yamada/TrackID3x3/CAMELTrack/states/CAMELTrack-val.pklz file
[2025-06-13 11:19:40,534][tracklab.visualization.visualization_engine][INFO] - Visualization output at : /work6/k_yamada/TrackID3x3/CAMELTrack/outputs/CAMELTrack/2025-06-13/11-10-03/visualization
[2025-06-13 11:19:40,568][tracklab.datastruct.tracker_state][INFO] - Tracking ended, final TrackerState stats:
[2025-06-13 11:19:40,570][tracklab.datastruct.tracker_state][INFO] - Total # detections: 8908 (GT=0)
[2025-06-13 11:19:40,575][tracklab.datastruct.tracker_state][INFO] - Total # detections with track_id: 1525
[2025-06-13 11:19:40,578][tracklab.datastruct.tracker_state][INFO] - Total # track_ids: 10
[2025-06-13 11:19:40,579][tracklab.main][INFO] - Starting evaluation.
[2025-06-13 11:19:40,579][tracklab.wrappers.eval.trackeval_evaluator][INFO] - Starting evaluation using TrackEval library (https://github.com/JonathonLuiten/TrackEval)
[2025-06-13 11:19:40,587][tracklab.datastruct.tracking_dataset][WARNING] - Dropped 7383 rows with NA values
[2025-06-13 11:19:40,609][tracklab.wrappers.eval.trackeval_evaluator][INFO] - Tracking predictions saved in ExternalVideo format in eval/pred/ExternalVideo-val/tracklab
[2025-06-13 11:19:40,609][tracklab.wrappers.eval.trackeval_evaluator][WARNING] - Stopping evaluation because the current split (val) has no ground truth detections.
[2025-06-13 11:19:40,611][tracklab.main][INFO] - Saved state at : /work6/k_yamada/TrackID3x3/CAMELTrack/states/CAMELTrack-val.pklz
