[2025-06-13 13:34:34,250][tracklab.main][INFO] - Run directory: /work6/k_yamada/TrackID3x3/CAMELTrack/outputs/CAMELTrack/2025-06-13/13-34-33
[2025-06-13 13:34:34,254][tracklab.main][INFO] - Using device: 'cuda'.
[2025-06-13 13:34:36,551][tracklab.main][INFO] - ExternalVideo= val set: 1
[2025-06-13 13:34:38,555][cameltrack.wrappers.bbox_detector.yolo_x_api][INFO] - Loaded YOLOX weights from /home/k_yamada/workspace6/TrackID3x3/BoT-SORT/pretrained/bytetrack_x_mot17.pth.tar
[2025-06-13 13:34:55,339][cameltrack.cameltrack][INFO] - Loading CAMEL checkpoint from `/work6/k_yamada/TrackID3x3/CAMELTrack/outputs/CAMELTrack/2025-06-13/13-34-33/camel_bbox_app_kps_sportsmot.ckpt`.
[2025-06-13 13:34:55,344][tracklab.pipeline.module][INFO] - Pipeline: YOLOXBoTSORT -> TopDownMMPose -> KPReId -> CAMELTrack
[2025-06-13 13:34:55,345][tracklab.main][INFO] - Starting tracking operation on val set.
[2025-06-13 13:34:55,351][tracklab.datastruct.tracker_state][INFO] - Saving TrackerState to /work6/k_yamada/TrackID3x3/CAMELTrack/states/CAMELTrack-val.pklz
[2025-06-13 13:34:55,353][tracklab.pipeline.module][INFO] - Pipeline has been validated
[2025-06-13 13:43:37,693][tracklab.datastruct.tracker_state][INFO] - 0 already exists in /work6/k_yamada/TrackID3x3/CAMELTrack/states/CAMELTrack-val.pklz file
[2025-06-13 13:43:37,700][tracklab.visualization.visualization_engine][INFO] - Visualization output at : /work6/k_yamada/TrackID3x3/CAMELTrack/outputs/CAMELTrack/2025-06-13/13-34-33/visualization
[2025-06-13 13:43:37,758][tracklab.datastruct.tracker_state][INFO] - Tracking ended, final TrackerState stats:
[2025-06-13 13:43:37,760][tracklab.datastruct.tracker_state][INFO] - Total # detections: 7862 (GT=0)
[2025-06-13 13:43:37,765][tracklab.datastruct.tracker_state][INFO] - Total # detections with track_id: 1472
[2025-06-13 13:43:37,765][tracklab.datastruct.tracker_state][INFO] - Total # track_ids: 9
[2025-06-13 13:43:37,767][tracklab.main][INFO] - Starting evaluation.
[2025-06-13 13:43:37,768][tracklab.wrappers.eval.trackeval_evaluator][INFO] - Starting evaluation using TrackEval library (https://github.com/JonathonLuiten/TrackEval)
[2025-06-13 13:43:37,779][tracklab.datastruct.tracking_dataset][WARNING] - Dropped 6390 rows with NA values
[2025-06-13 13:43:37,808][tracklab.wrappers.eval.trackeval_evaluator][INFO] - Tracking predictions saved in ExternalVideo format in eval/pred/ExternalVideo-val/tracklab
[2025-06-13 13:43:37,809][tracklab.wrappers.eval.trackeval_evaluator][WARNING] - Stopping evaluation because the current split (val) has no ground truth detections.
[2025-06-13 13:43:37,810][tracklab.main][INFO] - Saved state at : /work6/k_yamada/TrackID3x3/CAMELTrack/states/CAMELTrack-val.pklz
