[2025-06-13 12:26:25,991][tracklab.main][INFO] - Run directory: /work6/k_yamada/TrackID3x3/CAMELTrack/outputs/CAMELTrack/2025-06-13/12-26-25
[2025-06-13 12:26:25,995][tracklab.main][INFO] - Using device: 'cuda'.
[2025-06-13 12:26:28,367][tracklab.main][INFO] - ExternalVideo= val set: 1
[2025-06-13 12:26:30,325][cameltrack.wrappers.bbox_detector.yolo_x_api][INFO] - Loaded YOLOX weights from /home/k_yamada/workspace6/TrackID3x3/BoT-SORT/pretrained/bytetrack_x_mot17.pth.tar
[2025-06-13 12:26:41,611][cameltrack.cameltrack][INFO] - Loading CAMEL checkpoint from `/work6/k_yamada/TrackID3x3/CAMELTrack/outputs/CAMELTrack/2025-06-13/12-26-25/camel_bbox_app_kps_sportsmot.ckpt`.
[2025-06-13 12:26:41,619][tracklab.pipeline.module][INFO] - Pipeline: YOLOXBoTSORT -> TopDownMMPose -> KPReId -> CAMELTrack
[2025-06-13 12:26:41,620][tracklab.main][INFO] - Starting tracking operation on val set.
[2025-06-13 12:26:41,633][tracklab.datastruct.tracker_state][INFO] - Saving TrackerState to /work6/k_yamada/TrackID3x3/CAMELTrack/states/CAMELTrack-val.pklz
[2025-06-13 12:26:41,634][tracklab.pipeline.module][INFO] - Pipeline has been validated
[2025-06-13 12:35:45,363][tracklab.datastruct.tracker_state][INFO] - 0 already exists in /work6/k_yamada/TrackID3x3/CAMELTrack/states/CAMELTrack-val.pklz file
[2025-06-13 12:35:45,373][tracklab.visualization.visualization_engine][INFO] - Visualization output at : /work6/k_yamada/TrackID3x3/CAMELTrack/outputs/CAMELTrack/2025-06-13/12-26-25/visualization
[2025-06-13 12:35:45,374][tracklab.datastruct.tracker_state][INFO] - Tracking ended, final TrackerState stats:
[2025-06-13 12:35:45,375][tracklab.datastruct.tracker_state][INFO] - Total # detections: 9029 (GT=0)
[2025-06-13 12:35:45,378][tracklab.datastruct.tracker_state][INFO] - Total # detections with track_id: 1555
[2025-06-13 12:35:45,379][tracklab.datastruct.tracker_state][INFO] - Total # track_ids: 10
[2025-06-13 12:35:45,380][tracklab.main][INFO] - Starting evaluation.
[2025-06-13 12:35:45,381][tracklab.wrappers.eval.trackeval_evaluator][INFO] - Starting evaluation using TrackEval library (https://github.com/JonathonLuiten/TrackEval)
[2025-06-13 12:35:45,394][tracklab.datastruct.tracking_dataset][WARNING] - Dropped 7474 rows with NA values
[2025-06-13 12:35:45,425][tracklab.wrappers.eval.trackeval_evaluator][INFO] - Tracking predictions saved in ExternalVideo format in eval/pred/ExternalVideo-val/tracklab
[2025-06-13 12:35:45,427][tracklab.wrappers.eval.trackeval_evaluator][WARNING] - Stopping evaluation because the current split (val) has no ground truth detections.
[2025-06-13 12:35:45,428][tracklab.main][INFO] - Saved state at : /work6/k_yamada/TrackID3x3/CAMELTrack/states/CAMELTrack-val.pklz
