[2025-06-13 10:17:00,895][tracklab.main][INFO] - Run directory: /work6/k_yamada/TrackID3x3/CAMELTrack/outputs/CAMELTrack/2025-06-13/10-17-00
[2025-06-13 10:17:00,899][tracklab.main][INFO] - Using device: 'cuda'.
[2025-06-13 10:17:03,437][tracklab.main][INFO] - ExternalVideo= val set: 1
[2025-06-13 10:17:05,369][cameltrack.wrappers.bbox_detector.yolo_x_api][INFO] - Loaded YOLOX weights from /home/k_yamada/workspace6/TrackID3x3/BoT-SORT/pretrained/bytetrack_x_mot17.pth.tar
[2025-06-13 10:17:12,977][cameltrack.cameltrack][INFO] - Loading CAMEL checkpoint from `/work6/k_yamada/TrackID3x3/CAMELTrack/outputs/CAMELTrack/2025-06-13/10-17-00/camel_bbox_app_kps_sportsmot.ckpt`.
[2025-06-13 10:17:12,982][tracklab.pipeline.module][INFO] - Pipeline: YOLOXBoTSORT -> TopDownMMPose -> KPReId -> CAMELTrack
[2025-06-13 10:17:12,983][tracklab.main][INFO] - Starting tracking operation on val set.
[2025-06-13 10:17:12,988][tracklab.datastruct.tracker_state][INFO] - Saving TrackerState to /work6/k_yamada/TrackID3x3/CAMELTrack/states/CAMELTrack-val.pklz
[2025-06-13 10:17:12,989][tracklab.pipeline.module][INFO] - Pipeline has been validated
[2025-06-13 10:21:58,672][tracklab.datastruct.tracker_state][INFO] - 0 already exists in /work6/k_yamada/TrackID3x3/CAMELTrack/states/CAMELTrack-val.pklz file
[2025-06-13 10:21:58,679][tracklab.visualization.visualization_engine][INFO] - Visualization output at : /work6/k_yamada/TrackID3x3/CAMELTrack/outputs/CAMELTrack/2025-06-13/10-17-00/visualization
[2025-06-13 10:21:58,680][tracklab.datastruct.tracker_state][INFO] - Tracking ended, final TrackerState stats:
[2025-06-13 10:21:58,681][tracklab.datastruct.tracker_state][INFO] - Total # detections: 4066 (GT=0)
[2025-06-13 10:21:58,683][tracklab.datastruct.tracker_state][INFO] - Total # detections with track_id: 1867
[2025-06-13 10:21:58,684][tracklab.datastruct.tracker_state][INFO] - Total # track_ids: 11
[2025-06-13 10:21:58,685][tracklab.main][INFO] - Starting evaluation.
[2025-06-13 10:21:58,685][tracklab.wrappers.eval.trackeval_evaluator][INFO] - Starting evaluation using TrackEval library (https://github.com/JonathonLuiten/TrackEval)
[2025-06-13 10:21:58,691][tracklab.datastruct.tracking_dataset][WARNING] - Dropped 2199 rows with NA values
[2025-06-13 10:21:58,713][tracklab.wrappers.eval.trackeval_evaluator][INFO] - Tracking predictions saved in ExternalVideo format in eval/pred/ExternalVideo-val/tracklab
[2025-06-13 10:21:58,714][tracklab.wrappers.eval.trackeval_evaluator][WARNING] - Stopping evaluation because the current split (val) has no ground truth detections.
[2025-06-13 10:21:58,715][tracklab.main][INFO] - Saved state at : /work6/k_yamada/TrackID3x3/CAMELTrack/states/CAMELTrack-val.pklz
