[2025-06-13 14:45:03,761][tracklab.main][INFO] - Run directory: /work6/k_yamada/TrackID3x3/CAMELTrack/outputs/CAMELTrack/2025-06-13/14-45-03
[2025-06-13 14:45:03,765][tracklab.main][INFO] - Using device: 'cuda'.
[2025-06-13 14:45:06,021][tracklab.main][INFO] - ExternalVideo= val set: 1
[2025-06-13 14:45:07,858][cameltrack.wrappers.bbox_detector.yolo_x_api][INFO] - Loaded YOLOX weights from /home/k_yamada/workspace6/TrackID3x3/BoT-SORT/pretrained/bytetrack_x_mot17.pth.tar
[2025-06-13 14:45:18,515][cameltrack.cameltrack][INFO] - Loading CAMEL checkpoint from `/work6/k_yamada/TrackID3x3/CAMELTrack/outputs/CAMELTrack/2025-06-13/14-45-03/camel_bbox_app_kps_sportsmot.ckpt`.
[2025-06-13 14:45:18,519][tracklab.pipeline.module][INFO] - Pipeline: YOLOXBoTSORT -> TopDownMMPose -> KPReId -> CAMELTrack
[2025-06-13 14:45:18,520][tracklab.main][INFO] - Starting tracking operation on val set.
[2025-06-13 14:45:18,525][tracklab.datastruct.tracker_state][INFO] - Saving TrackerState to /work6/k_yamada/TrackID3x3/CAMELTrack/states/CAMELTrack-val.pklz
[2025-06-13 14:45:18,526][tracklab.pipeline.module][INFO] - Pipeline has been validated
[2025-06-13 14:57:01,976][tracklab.datastruct.tracker_state][INFO] - 0 already exists in /work6/k_yamada/TrackID3x3/CAMELTrack/states/CAMELTrack-val.pklz file
[2025-06-13 14:57:01,989][tracklab.visualization.visualization_engine][INFO] - Visualization output at : /work6/k_yamada/TrackID3x3/CAMELTrack/outputs/CAMELTrack/2025-06-13/14-45-03/visualization
[2025-06-13 14:57:01,990][tracklab.datastruct.tracker_state][INFO] - Tracking ended, final TrackerState stats:
[2025-06-13 14:57:01,991][tracklab.datastruct.tracker_state][INFO] - Total # detections: 11254 (GT=0)
[2025-06-13 14:57:01,995][tracklab.datastruct.tracker_state][INFO] - Total # detections with track_id: 2371
[2025-06-13 14:57:01,996][tracklab.datastruct.tracker_state][INFO] - Total # track_ids: 10
[2025-06-13 14:57:01,997][tracklab.main][INFO] - Starting evaluation.
[2025-06-13 14:57:01,997][tracklab.wrappers.eval.trackeval_evaluator][INFO] - Starting evaluation using TrackEval library (https://github.com/JonathonLuiten/TrackEval)
[2025-06-13 14:57:02,011][tracklab.datastruct.tracking_dataset][WARNING] - Dropped 8883 rows with NA values
[2025-06-13 14:57:02,045][tracklab.wrappers.eval.trackeval_evaluator][INFO] - Tracking predictions saved in ExternalVideo format in eval/pred/ExternalVideo-val/tracklab
[2025-06-13 14:57:02,046][tracklab.wrappers.eval.trackeval_evaluator][WARNING] - Stopping evaluation because the current split (val) has no ground truth detections.
[2025-06-13 14:57:02,047][tracklab.main][INFO] - Saved state at : /work6/k_yamada/TrackID3x3/CAMELTrack/states/CAMELTrack-val.pklz
