[2025-06-13 11:40:41,754][tracklab.main][INFO] - Run directory: /work6/k_yamada/TrackID3x3/CAMELTrack/outputs/CAMELTrack/2025-06-13/11-40-41
[2025-06-13 11:40:41,757][tracklab.main][INFO] - Using device: 'cuda'.
[2025-06-13 11:40:44,017][tracklab.main][INFO] - ExternalVideo= val set: 1
[2025-06-13 11:40:45,877][cameltrack.wrappers.bbox_detector.yolo_x_api][INFO] - Loaded YOLOX weights from /home/k_yamada/workspace6/TrackID3x3/BoT-SORT/pretrained/bytetrack_x_mot17.pth.tar
[2025-06-13 11:40:57,248][cameltrack.cameltrack][INFO] - Loading CAMEL checkpoint from `/work6/k_yamada/TrackID3x3/CAMELTrack/outputs/CAMELTrack/2025-06-13/11-40-41/camel_bbox_app_kps_sportsmot.ckpt`.
[2025-06-13 11:40:57,253][tracklab.pipeline.module][INFO] - Pipeline: YOLOXBoTSORT -> TopDownMMPose -> KPReId -> CAMELTrack
[2025-06-13 11:40:57,253][tracklab.main][INFO] - Starting tracking operation on val set.
[2025-06-13 11:40:57,259][tracklab.datastruct.tracker_state][INFO] - Saving TrackerState to /work6/k_yamada/TrackID3x3/CAMELTrack/states/CAMELTrack-val.pklz
[2025-06-13 11:40:57,260][tracklab.pipeline.module][INFO] - Pipeline has been validated
[2025-06-13 11:52:38,444][tracklab.datastruct.tracker_state][INFO] - 0 already exists in /work6/k_yamada/TrackID3x3/CAMELTrack/states/CAMELTrack-val.pklz file
[2025-06-13 11:52:38,459][tracklab.visualization.visualization_engine][INFO] - Visualization output at : /work6/k_yamada/TrackID3x3/CAMELTrack/outputs/CAMELTrack/2025-06-13/11-40-41/visualization
[2025-06-13 11:52:38,459][tracklab.datastruct.tracker_state][INFO] - Tracking ended, final TrackerState stats:
[2025-06-13 11:52:38,460][tracklab.datastruct.tracker_state][INFO] - Total # detections: 11253 (GT=0)
[2025-06-13 11:52:38,463][tracklab.datastruct.tracker_state][INFO] - Total # detections with track_id: 2305
[2025-06-13 11:52:38,464][tracklab.datastruct.tracker_state][INFO] - Total # track_ids: 11
[2025-06-13 11:52:38,465][tracklab.main][INFO] - Starting evaluation.
[2025-06-13 11:52:38,465][tracklab.wrappers.eval.trackeval_evaluator][INFO] - Starting evaluation using TrackEval library (https://github.com/JonathonLuiten/TrackEval)
[2025-06-13 11:52:38,476][tracklab.datastruct.tracking_dataset][WARNING] - Dropped 8948 rows with NA values
[2025-06-13 11:52:38,509][tracklab.wrappers.eval.trackeval_evaluator][INFO] - Tracking predictions saved in ExternalVideo format in eval/pred/ExternalVideo-val/tracklab
[2025-06-13 11:52:38,510][tracklab.wrappers.eval.trackeval_evaluator][WARNING] - Stopping evaluation because the current split (val) has no ground truth detections.
[2025-06-13 11:52:38,512][tracklab.main][INFO] - Saved state at : /work6/k_yamada/TrackID3x3/CAMELTrack/states/CAMELTrack-val.pklz
