[2025-06-13 11:37:24,660][tracklab.main][INFO] - Run directory: /work6/k_yamada/TrackID3x3/CAMELTrack/outputs/CAMELTrack/2025-06-13/11-37-24
[2025-06-13 11:37:24,664][tracklab.main][INFO] - Using device: 'cuda'.
[2025-06-13 11:37:26,666][tracklab.main][INFO] - ExternalVideo= val set: 1
[2025-06-13 11:37:28,513][cameltrack.wrappers.bbox_detector.yolo_x_api][INFO] - Loaded YOLOX weights from /home/k_yamada/workspace6/TrackID3x3/BoT-SORT/pretrained/bytetrack_x_mot17.pth.tar
[2025-06-13 11:37:37,836][cameltrack.cameltrack][INFO] - Loading CAMEL checkpoint from `/work6/k_yamada/TrackID3x3/CAMELTrack/outputs/CAMELTrack/2025-06-13/11-37-24/camel_bbox_app_kps_sportsmot.ckpt`.
[2025-06-13 11:37:37,840][tracklab.pipeline.module][INFO] - Pipeline: YOLOXBoTSORT -> TopDownMMPose -> KPReId -> CAMELTrack
[2025-06-13 11:37:37,841][tracklab.main][INFO] - Starting tracking operation on val set.
[2025-06-13 11:37:37,846][tracklab.datastruct.tracker_state][INFO] - Saving TrackerState to /work6/k_yamada/TrackID3x3/CAMELTrack/states/CAMELTrack-val.pklz
[2025-06-13 11:37:37,847][tracklab.pipeline.module][INFO] - Pipeline has been validated
[2025-06-13 11:40:32,150][tracklab.datastruct.tracker_state][INFO] - 0 already exists in /work6/k_yamada/TrackID3x3/CAMELTrack/states/CAMELTrack-val.pklz file
[2025-06-13 11:40:32,156][tracklab.visualization.visualization_engine][INFO] - Visualization output at : /work6/k_yamada/TrackID3x3/CAMELTrack/outputs/CAMELTrack/2025-06-13/11-37-24/visualization
[2025-06-13 11:40:32,157][tracklab.datastruct.tracker_state][INFO] - Tracking ended, final TrackerState stats:
[2025-06-13 11:40:32,157][tracklab.datastruct.tracker_state][INFO] - Total # detections: 2983 (GT=0)
[2025-06-13 11:40:32,159][tracklab.datastruct.tracker_state][INFO] - Total # detections with track_id: 516
[2025-06-13 11:40:32,160][tracklab.datastruct.tracker_state][INFO] - Total # track_ids: 10
[2025-06-13 11:40:32,161][tracklab.main][INFO] - Starting evaluation.
[2025-06-13 11:40:32,161][tracklab.wrappers.eval.trackeval_evaluator][INFO] - Starting evaluation using TrackEval library (https://github.com/JonathonLuiten/TrackEval)
[2025-06-13 11:40:32,167][tracklab.datastruct.tracking_dataset][WARNING] - Dropped 2467 rows with NA values
[2025-06-13 11:40:32,180][tracklab.wrappers.eval.trackeval_evaluator][INFO] - Tracking predictions saved in ExternalVideo format in eval/pred/ExternalVideo-val/tracklab
[2025-06-13 11:40:32,181][tracklab.wrappers.eval.trackeval_evaluator][WARNING] - Stopping evaluation because the current split (val) has no ground truth detections.
[2025-06-13 11:40:32,182][tracklab.main][INFO] - Saved state at : /work6/k_yamada/TrackID3x3/CAMELTrack/states/CAMELTrack-val.pklz
