[2025-06-13 12:35:56,420][tracklab.main][INFO] - Run directory: /work6/k_yamada/TrackID3x3/CAMELTrack/outputs/CAMELTrack/2025-06-13/12-35-56
[2025-06-13 12:35:56,424][tracklab.main][INFO] - Using device: 'cuda'.
[2025-06-13 12:35:58,639][tracklab.main][INFO] - ExternalVideo= val set: 1
[2025-06-13 12:36:00,473][cameltrack.wrappers.bbox_detector.yolo_x_api][INFO] - Loaded YOLOX weights from /home/k_yamada/workspace6/TrackID3x3/BoT-SORT/pretrained/bytetrack_x_mot17.pth.tar
[2025-06-13 12:36:10,640][cameltrack.cameltrack][INFO] - Loading CAMEL checkpoint from `/work6/k_yamada/TrackID3x3/CAMELTrack/outputs/CAMELTrack/2025-06-13/12-35-56/camel_bbox_app_kps_sportsmot.ckpt`.
[2025-06-13 12:36:10,644][tracklab.pipeline.module][INFO] - Pipeline: YOLOXBoTSORT -> TopDownMMPose -> KPReId -> CAMELTrack
[2025-06-13 12:36:10,645][tracklab.main][INFO] - Starting tracking operation on val set.
[2025-06-13 12:36:10,651][tracklab.datastruct.tracker_state][INFO] - Saving TrackerState to /work6/k_yamada/TrackID3x3/CAMELTrack/states/CAMELTrack-val.pklz
[2025-06-13 12:36:10,652][tracklab.pipeline.module][INFO] - Pipeline has been validated
[2025-06-13 12:44:08,963][tracklab.datastruct.tracker_state][INFO] - 0 already exists in /work6/k_yamada/TrackID3x3/CAMELTrack/states/CAMELTrack-val.pklz file
[2025-06-13 12:44:09,008][tracklab.visualization.visualization_engine][INFO] - Visualization output at : /work6/k_yamada/TrackID3x3/CAMELTrack/outputs/CAMELTrack/2025-06-13/12-35-56/visualization
[2025-06-13 12:44:09,010][tracklab.datastruct.tracker_state][INFO] - Tracking ended, final TrackerState stats:
[2025-06-13 12:44:09,011][tracklab.datastruct.tracker_state][INFO] - Total # detections: 7690 (GT=0)
[2025-06-13 12:44:09,017][tracklab.datastruct.tracker_state][INFO] - Total # detections with track_id: 1225
[2025-06-13 12:44:09,018][tracklab.datastruct.tracker_state][INFO] - Total # track_ids: 9
[2025-06-13 12:44:09,019][tracklab.main][INFO] - Starting evaluation.
[2025-06-13 12:44:09,019][tracklab.wrappers.eval.trackeval_evaluator][INFO] - Starting evaluation using TrackEval library (https://github.com/JonathonLuiten/TrackEval)
[2025-06-13 12:44:09,028][tracklab.datastruct.tracking_dataset][WARNING] - Dropped 6465 rows with NA values
[2025-06-13 12:44:09,048][tracklab.wrappers.eval.trackeval_evaluator][INFO] - Tracking predictions saved in ExternalVideo format in eval/pred/ExternalVideo-val/tracklab
[2025-06-13 12:44:09,049][tracklab.wrappers.eval.trackeval_evaluator][WARNING] - Stopping evaluation because the current split (val) has no ground truth detections.
[2025-06-13 12:44:09,050][tracklab.main][INFO] - Saved state at : /work6/k_yamada/TrackID3x3/CAMELTrack/states/CAMELTrack-val.pklz
