[2025-06-13 10:08:58,947][tracklab.main][INFO] - Run directory: /work6/k_yamada/TrackID3x3/CAMELTrack/outputs/CAMELTrack/2025-06-13/10-08-58
[2025-06-13 10:08:58,951][tracklab.main][INFO] - Using device: 'cuda'.
[2025-06-13 10:09:01,200][tracklab.main][INFO] - ExternalVideo= val set: 1
[2025-06-13 10:09:03,295][cameltrack.wrappers.bbox_detector.yolo_x_api][INFO] - Loaded YOLOX weights from /home/k_yamada/workspace6/TrackID3x3/BoT-SORT/pretrained/bytetrack_x_mot17.pth.tar
[2025-06-13 10:09:14,270][cameltrack.cameltrack][INFO] - Loading CAMEL checkpoint from `/work6/k_yamada/TrackID3x3/CAMELTrack/outputs/CAMELTrack/2025-06-13/10-08-58/camel_bbox_app_kps_sportsmot.ckpt`.
[2025-06-13 10:09:14,276][tracklab.pipeline.module][INFO] - Pipeline: YOLOXBoTSORT -> TopDownMMPose -> KPReId -> CAMELTrack
[2025-06-13 10:09:14,277][tracklab.main][INFO] - Starting tracking operation on val set.
[2025-06-13 10:09:14,286][tracklab.datastruct.tracker_state][INFO] - Saving TrackerState to /work6/k_yamada/TrackID3x3/CAMELTrack/states/CAMELTrack-val.pklz
[2025-06-13 10:09:14,288][tracklab.pipeline.module][INFO] - Pipeline has been validated
[2025-06-13 10:12:49,298][tracklab.datastruct.tracker_state][INFO] - 0 already exists in /work6/k_yamada/TrackID3x3/CAMELTrack/states/CAMELTrack-val.pklz file
[2025-06-13 10:12:49,304][tracklab.visualization.visualization_engine][INFO] - Visualization output at : /work6/k_yamada/TrackID3x3/CAMELTrack/outputs/CAMELTrack/2025-06-13/10-08-58/visualization
[2025-06-13 10:12:49,353][tracklab.datastruct.tracker_state][INFO] - Tracking ended, final TrackerState stats:
[2025-06-13 10:12:49,354][tracklab.datastruct.tracker_state][INFO] - Total # detections: 3290 (GT=0)
[2025-06-13 10:12:49,358][tracklab.datastruct.tracker_state][INFO] - Total # detections with track_id: 1480
[2025-06-13 10:12:49,360][tracklab.datastruct.tracker_state][INFO] - Total # track_ids: 11
[2025-06-13 10:12:49,361][tracklab.main][INFO] - Starting evaluation.
[2025-06-13 10:12:49,362][tracklab.wrappers.eval.trackeval_evaluator][INFO] - Starting evaluation using TrackEval library (https://github.com/JonathonLuiten/TrackEval)
[2025-06-13 10:12:49,369][tracklab.datastruct.tracking_dataset][WARNING] - Dropped 1810 rows with NA values
[2025-06-13 10:12:49,390][tracklab.wrappers.eval.trackeval_evaluator][INFO] - Tracking predictions saved in ExternalVideo format in eval/pred/ExternalVideo-val/tracklab
[2025-06-13 10:12:49,391][tracklab.wrappers.eval.trackeval_evaluator][WARNING] - Stopping evaluation because the current split (val) has no ground truth detections.
[2025-06-13 10:12:49,392][tracklab.main][INFO] - Saved state at : /work6/k_yamada/TrackID3x3/CAMELTrack/states/CAMELTrack-val.pklz
