[2025-06-13 11:52:49,158][tracklab.main][INFO] - Run directory: /work6/k_yamada/TrackID3x3/CAMELTrack/outputs/CAMELTrack/2025-06-13/11-52-48
[2025-06-13 11:52:49,162][tracklab.main][INFO] - Using device: 'cuda'.
[2025-06-13 11:52:51,462][tracklab.main][INFO] - ExternalVideo= val set: 1
[2025-06-13 11:52:53,311][cameltrack.wrappers.bbox_detector.yolo_x_api][INFO] - Loaded YOLOX weights from /home/k_yamada/workspace6/TrackID3x3/BoT-SORT/pretrained/bytetrack_x_mot17.pth.tar
[2025-06-13 11:53:04,432][cameltrack.cameltrack][INFO] - Loading CAMEL checkpoint from `/work6/k_yamada/TrackID3x3/CAMELTrack/outputs/CAMELTrack/2025-06-13/11-52-48/camel_bbox_app_kps_sportsmot.ckpt`.
[2025-06-13 11:53:04,437][tracklab.pipeline.module][INFO] - Pipeline: YOLOXBoTSORT -> TopDownMMPose -> KPReId -> CAMELTrack
[2025-06-13 11:53:04,437][tracklab.main][INFO] - Starting tracking operation on val set.
[2025-06-13 11:53:04,443][tracklab.datastruct.tracker_state][INFO] - Saving TrackerState to /work6/k_yamada/TrackID3x3/CAMELTrack/states/CAMELTrack-val.pklz
[2025-06-13 11:53:04,444][tracklab.pipeline.module][INFO] - Pipeline has been validated
[2025-06-13 12:02:13,675][tracklab.datastruct.tracker_state][INFO] - 0 already exists in /work6/k_yamada/TrackID3x3/CAMELTrack/states/CAMELTrack-val.pklz file
[2025-06-13 12:02:13,683][tracklab.visualization.visualization_engine][INFO] - Visualization output at : /work6/k_yamada/TrackID3x3/CAMELTrack/outputs/CAMELTrack/2025-06-13/11-52-48/visualization
[2025-06-13 12:02:13,708][tracklab.datastruct.tracker_state][INFO] - Tracking ended, final TrackerState stats:
[2025-06-13 12:02:13,709][tracklab.datastruct.tracker_state][INFO] - Total # detections: 9224 (GT=0)
[2025-06-13 12:02:13,713][tracklab.datastruct.tracker_state][INFO] - Total # detections with track_id: 1780
[2025-06-13 12:02:13,714][tracklab.datastruct.tracker_state][INFO] - Total # track_ids: 11
[2025-06-13 12:02:13,715][tracklab.main][INFO] - Starting evaluation.
[2025-06-13 12:02:13,716][tracklab.wrappers.eval.trackeval_evaluator][INFO] - Starting evaluation using TrackEval library (https://github.com/JonathonLuiten/TrackEval)
[2025-06-13 12:02:13,727][tracklab.datastruct.tracking_dataset][WARNING] - Dropped 7444 rows with NA values
[2025-06-13 12:02:13,751][tracklab.wrappers.eval.trackeval_evaluator][INFO] - Tracking predictions saved in ExternalVideo format in eval/pred/ExternalVideo-val/tracklab
[2025-06-13 12:02:13,752][tracklab.wrappers.eval.trackeval_evaluator][WARNING] - Stopping evaluation because the current split (val) has no ground truth detections.
[2025-06-13 12:02:13,753][tracklab.main][INFO] - Saved state at : /work6/k_yamada/TrackID3x3/CAMELTrack/states/CAMELTrack-val.pklz
