[2025-06-13 10:34:28,700][tracklab.main][INFO] - Run directory: /work6/k_yamada/TrackID3x3/CAMELTrack/outputs/CAMELTrack/2025-06-13/10-34-28
[2025-06-13 10:34:28,705][tracklab.main][INFO] - Using device: 'cuda'.
[2025-06-13 10:34:30,915][tracklab.main][INFO] - ExternalVideo= val set: 1
[2025-06-13 10:34:32,656][cameltrack.wrappers.bbox_detector.yolo_x_api][INFO] - Loaded YOLOX weights from /home/k_yamada/workspace6/TrackID3x3/BoT-SORT/pretrained/bytetrack_x_mot17.pth.tar
[2025-06-13 10:34:42,710][cameltrack.cameltrack][INFO] - Loading CAMEL checkpoint from `/work6/k_yamada/TrackID3x3/CAMELTrack/outputs/CAMELTrack/2025-06-13/10-34-28/camel_bbox_app_kps_sportsmot.ckpt`.
[2025-06-13 10:34:42,715][tracklab.pipeline.module][INFO] - Pipeline: YOLOXBoTSORT -> TopDownMMPose -> KPReId -> CAMELTrack
[2025-06-13 10:34:42,717][tracklab.main][INFO] - Starting tracking operation on val set.
[2025-06-13 10:34:42,723][tracklab.datastruct.tracker_state][INFO] - Saving TrackerState to /work6/k_yamada/TrackID3x3/CAMELTrack/states/CAMELTrack-val.pklz
[2025-06-13 10:34:42,724][tracklab.pipeline.module][INFO] - Pipeline has been validated
[2025-06-13 10:39:07,025][tracklab.datastruct.tracker_state][INFO] - 0 already exists in /work6/k_yamada/TrackID3x3/CAMELTrack/states/CAMELTrack-val.pklz file
[2025-06-13 10:39:07,031][tracklab.visualization.visualization_engine][INFO] - Visualization output at : /work6/k_yamada/TrackID3x3/CAMELTrack/outputs/CAMELTrack/2025-06-13/10-34-28/visualization
[2025-06-13 10:39:07,033][tracklab.datastruct.tracker_state][INFO] - Tracking ended, final TrackerState stats:
[2025-06-13 10:39:07,033][tracklab.datastruct.tracker_state][INFO] - Total # detections: 4219 (GT=0)
[2025-06-13 10:39:07,036][tracklab.datastruct.tracker_state][INFO] - Total # detections with track_id: 904
[2025-06-13 10:39:07,036][tracklab.datastruct.tracker_state][INFO] - Total # track_ids: 10
[2025-06-13 10:39:07,037][tracklab.main][INFO] - Starting evaluation.
[2025-06-13 10:39:07,038][tracklab.wrappers.eval.trackeval_evaluator][INFO] - Starting evaluation using TrackEval library (https://github.com/JonathonLuiten/TrackEval)
[2025-06-13 10:39:07,044][tracklab.datastruct.tracking_dataset][WARNING] - Dropped 3315 rows with NA values
[2025-06-13 10:39:07,061][tracklab.wrappers.eval.trackeval_evaluator][INFO] - Tracking predictions saved in ExternalVideo format in eval/pred/ExternalVideo-val/tracklab
[2025-06-13 10:39:07,062][tracklab.wrappers.eval.trackeval_evaluator][WARNING] - Stopping evaluation because the current split (val) has no ground truth detections.
[2025-06-13 10:39:07,063][tracklab.main][INFO] - Saved state at : /work6/k_yamada/TrackID3x3/CAMELTrack/states/CAMELTrack-val.pklz
