[2025-06-13 14:10:01,973][tracklab.main][INFO] - Run directory: /work6/k_yamada/TrackID3x3/CAMELTrack/outputs/CAMELTrack/2025-06-13/14-10-01
[2025-06-13 14:10:01,977][tracklab.main][INFO] - Using device: 'cuda'.
[2025-06-13 14:10:04,159][tracklab.main][INFO] - ExternalVideo= val set: 1
[2025-06-13 14:10:06,019][cameltrack.wrappers.bbox_detector.yolo_x_api][INFO] - Loaded YOLOX weights from /home/k_yamada/workspace6/TrackID3x3/BoT-SORT/pretrained/bytetrack_x_mot17.pth.tar
[2025-06-13 14:10:16,469][cameltrack.cameltrack][INFO] - Loading CAMEL checkpoint from `/work6/k_yamada/TrackID3x3/CAMELTrack/outputs/CAMELTrack/2025-06-13/14-10-01/camel_bbox_app_kps_sportsmot.ckpt`.
[2025-06-13 14:10:16,473][tracklab.pipeline.module][INFO] - Pipeline: YOLOXBoTSORT -> TopDownMMPose -> KPReId -> CAMELTrack
[2025-06-13 14:10:16,474][tracklab.main][INFO] - Starting tracking operation on val set.
[2025-06-13 14:10:16,479][tracklab.datastruct.tracker_state][INFO] - Saving TrackerState to /work6/k_yamada/TrackID3x3/CAMELTrack/states/CAMELTrack-val.pklz
[2025-06-13 14:10:16,480][tracklab.pipeline.module][INFO] - Pipeline has been validated
[2025-06-13 14:14:22,917][tracklab.datastruct.tracker_state][INFO] - 0 already exists in /work6/k_yamada/TrackID3x3/CAMELTrack/states/CAMELTrack-val.pklz file
[2025-06-13 14:14:22,929][tracklab.visualization.visualization_engine][INFO] - Visualization output at : /work6/k_yamada/TrackID3x3/CAMELTrack/outputs/CAMELTrack/2025-06-13/14-10-01/visualization
[2025-06-13 14:14:22,930][tracklab.datastruct.tracker_state][INFO] - Tracking ended, final TrackerState stats:
[2025-06-13 14:14:22,931][tracklab.datastruct.tracker_state][INFO] - Total # detections: 4205 (GT=0)
[2025-06-13 14:14:22,934][tracklab.datastruct.tracker_state][INFO] - Total # detections with track_id: 916
[2025-06-13 14:14:22,935][tracklab.datastruct.tracker_state][INFO] - Total # track_ids: 10
[2025-06-13 14:14:22,936][tracklab.main][INFO] - Starting evaluation.
[2025-06-13 14:14:22,936][tracklab.wrappers.eval.trackeval_evaluator][INFO] - Starting evaluation using TrackEval library (https://github.com/JonathonLuiten/TrackEval)
[2025-06-13 14:14:22,943][tracklab.datastruct.tracking_dataset][WARNING] - Dropped 3289 rows with NA values
[2025-06-13 14:14:22,960][tracklab.wrappers.eval.trackeval_evaluator][INFO] - Tracking predictions saved in ExternalVideo format in eval/pred/ExternalVideo-val/tracklab
[2025-06-13 14:14:22,961][tracklab.wrappers.eval.trackeval_evaluator][WARNING] - Stopping evaluation because the current split (val) has no ground truth detections.
[2025-06-13 14:14:22,962][tracklab.main][INFO] - Saved state at : /work6/k_yamada/TrackID3x3/CAMELTrack/states/CAMELTrack-val.pklz
