[2025-06-13 12:53:08,160][tracklab.main][INFO] - Run directory: /work6/k_yamada/TrackID3x3/CAMELTrack/outputs/CAMELTrack/2025-06-13/12-53-07
[2025-06-13 12:53:08,164][tracklab.main][INFO] - Using device: 'cuda'.
[2025-06-13 12:53:10,460][tracklab.main][INFO] - ExternalVideo= val set: 1
[2025-06-13 12:53:12,344][cameltrack.wrappers.bbox_detector.yolo_x_api][INFO] - Loaded YOLOX weights from /home/k_yamada/workspace6/TrackID3x3/BoT-SORT/pretrained/bytetrack_x_mot17.pth.tar
[2025-06-13 12:53:20,593][cameltrack.cameltrack][INFO] - Loading CAMEL checkpoint from `/work6/k_yamada/TrackID3x3/CAMELTrack/outputs/CAMELTrack/2025-06-13/12-53-07/camel_bbox_app_kps_sportsmot.ckpt`.
[2025-06-13 12:53:20,597][tracklab.pipeline.module][INFO] - Pipeline: YOLOXBoTSORT -> TopDownMMPose -> KPReId -> CAMELTrack
[2025-06-13 12:53:20,598][tracklab.main][INFO] - Starting tracking operation on val set.
[2025-06-13 12:53:20,603][tracklab.datastruct.tracker_state][INFO] - Saving TrackerState to /work6/k_yamada/TrackID3x3/CAMELTrack/states/CAMELTrack-val.pklz
[2025-06-13 12:53:20,604][tracklab.pipeline.module][INFO] - Pipeline has been validated
[2025-06-13 13:02:04,719][tracklab.datastruct.tracker_state][INFO] - 0 already exists in /work6/k_yamada/TrackID3x3/CAMELTrack/states/CAMELTrack-val.pklz file
[2025-06-13 13:02:04,726][tracklab.visualization.visualization_engine][INFO] - Visualization output at : /work6/k_yamada/TrackID3x3/CAMELTrack/outputs/CAMELTrack/2025-06-13/12-53-07/visualization
[2025-06-13 13:02:04,728][tracklab.datastruct.tracker_state][INFO] - Tracking ended, final TrackerState stats:
[2025-06-13 13:02:04,728][tracklab.datastruct.tracker_state][INFO] - Total # detections: 8207 (GT=0)
[2025-06-13 13:02:04,731][tracklab.datastruct.tracker_state][INFO] - Total # detections with track_id: 1948
[2025-06-13 13:02:04,731][tracklab.datastruct.tracker_state][INFO] - Total # track_ids: 11
[2025-06-13 13:02:04,732][tracklab.main][INFO] - Starting evaluation.
[2025-06-13 13:02:04,733][tracklab.wrappers.eval.trackeval_evaluator][INFO] - Starting evaluation using TrackEval library (https://github.com/JonathonLuiten/TrackEval)
[2025-06-13 13:02:04,741][tracklab.datastruct.tracking_dataset][WARNING] - Dropped 6259 rows with NA values
[2025-06-13 13:02:04,766][tracklab.wrappers.eval.trackeval_evaluator][INFO] - Tracking predictions saved in ExternalVideo format in eval/pred/ExternalVideo-val/tracklab
[2025-06-13 13:02:04,767][tracklab.wrappers.eval.trackeval_evaluator][WARNING] - Stopping evaluation because the current split (val) has no ground truth detections.
[2025-06-13 13:02:04,768][tracklab.main][INFO] - Saved state at : /work6/k_yamada/TrackID3x3/CAMELTrack/states/CAMELTrack-val.pklz
