[2025-06-13 10:39:17,434][tracklab.main][INFO] - Run directory: /work6/k_yamada/TrackID3x3/CAMELTrack/outputs/CAMELTrack/2025-06-13/10-39-17
[2025-06-13 10:39:17,437][tracklab.main][INFO] - Using device: 'cuda'.
[2025-06-13 10:39:19,680][tracklab.main][INFO] - ExternalVideo= val set: 1
[2025-06-13 10:39:21,575][cameltrack.wrappers.bbox_detector.yolo_x_api][INFO] - Loaded YOLOX weights from /home/k_yamada/workspace6/TrackID3x3/BoT-SORT/pretrained/bytetrack_x_mot17.pth.tar
[2025-06-13 10:39:32,092][cameltrack.cameltrack][INFO] - Loading CAMEL checkpoint from `/work6/k_yamada/TrackID3x3/CAMELTrack/outputs/CAMELTrack/2025-06-13/10-39-17/camel_bbox_app_kps_sportsmot.ckpt`.
[2025-06-13 10:39:32,097][tracklab.pipeline.module][INFO] - Pipeline: YOLOXBoTSORT -> TopDownMMPose -> KPReId -> CAMELTrack
[2025-06-13 10:39:32,098][tracklab.main][INFO] - Starting tracking operation on val set.
[2025-06-13 10:39:32,103][tracklab.datastruct.tracker_state][INFO] - Saving TrackerState to /work6/k_yamada/TrackID3x3/CAMELTrack/states/CAMELTrack-val.pklz
[2025-06-13 10:39:32,104][tracklab.pipeline.module][INFO] - Pipeline has been validated
[2025-06-13 10:40:37,237][tracklab.datastruct.tracker_state][INFO] - 0 already exists in /work6/k_yamada/TrackID3x3/CAMELTrack/states/CAMELTrack-val.pklz file
[2025-06-13 10:40:37,244][tracklab.visualization.visualization_engine][INFO] - Visualization output at : /work6/k_yamada/TrackID3x3/CAMELTrack/outputs/CAMELTrack/2025-06-13/10-39-17/visualization
[2025-06-13 10:40:37,245][tracklab.datastruct.tracker_state][INFO] - Tracking ended, final TrackerState stats:
[2025-06-13 10:40:37,246][tracklab.datastruct.tracker_state][INFO] - Total # detections: 994 (GT=0)
[2025-06-13 10:40:37,249][tracklab.datastruct.tracker_state][INFO] - Total # detections with track_id: 270
[2025-06-13 10:40:37,249][tracklab.datastruct.tracker_state][INFO] - Total # track_ids: 10
[2025-06-13 10:40:37,250][tracklab.main][INFO] - Starting evaluation.
[2025-06-13 10:40:37,251][tracklab.wrappers.eval.trackeval_evaluator][INFO] - Starting evaluation using TrackEval library (https://github.com/JonathonLuiten/TrackEval)
[2025-06-13 10:40:37,256][tracklab.datastruct.tracking_dataset][WARNING] - Dropped 724 rows with NA values
[2025-06-13 10:40:37,269][tracklab.wrappers.eval.trackeval_evaluator][INFO] - Tracking predictions saved in ExternalVideo format in eval/pred/ExternalVideo-val/tracklab
[2025-06-13 10:40:37,270][tracklab.wrappers.eval.trackeval_evaluator][WARNING] - Stopping evaluation because the current split (val) has no ground truth detections.
[2025-06-13 10:40:37,271][tracklab.main][INFO] - Saved state at : /work6/k_yamada/TrackID3x3/CAMELTrack/states/CAMELTrack-val.pklz
