[2025-06-13 10:46:27,014][tracklab.main][INFO] - Run directory: /work6/k_yamada/TrackID3x3/CAMELTrack/outputs/CAMELTrack/2025-06-13/10-46-26
[2025-06-13 10:46:27,019][tracklab.main][INFO] - Using device: 'cuda'.
[2025-06-13 10:46:29,388][tracklab.main][INFO] - ExternalVideo= val set: 1
[2025-06-13 10:46:31,158][cameltrack.wrappers.bbox_detector.yolo_x_api][INFO] - Loaded YOLOX weights from /home/k_yamada/workspace6/TrackID3x3/BoT-SORT/pretrained/bytetrack_x_mot17.pth.tar
[2025-06-13 10:46:41,228][cameltrack.cameltrack][INFO] - Loading CAMEL checkpoint from `/work6/k_yamada/TrackID3x3/CAMELTrack/outputs/CAMELTrack/2025-06-13/10-46-26/camel_bbox_app_kps_sportsmot.ckpt`.
[2025-06-13 10:46:41,232][tracklab.pipeline.module][INFO] - Pipeline: YOLOXBoTSORT -> TopDownMMPose -> KPReId -> CAMELTrack
[2025-06-13 10:46:41,233][tracklab.main][INFO] - Starting tracking operation on val set.
[2025-06-13 10:46:41,238][tracklab.datastruct.tracker_state][INFO] - Saving TrackerState to /work6/k_yamada/TrackID3x3/CAMELTrack/states/CAMELTrack-val.pklz
[2025-06-13 10:46:41,239][tracklab.pipeline.module][INFO] - Pipeline has been validated
[2025-06-13 10:57:25,234][tracklab.datastruct.tracker_state][INFO] - 0 already exists in /work6/k_yamada/TrackID3x3/CAMELTrack/states/CAMELTrack-val.pklz file
[2025-06-13 10:57:25,241][tracklab.visualization.visualization_engine][INFO] - Visualization output at : /work6/k_yamada/TrackID3x3/CAMELTrack/outputs/CAMELTrack/2025-06-13/10-46-26/visualization
[2025-06-13 10:57:25,270][tracklab.datastruct.tracker_state][INFO] - Tracking ended, final TrackerState stats:
[2025-06-13 10:57:25,272][tracklab.datastruct.tracker_state][INFO] - Total # detections: 10367 (GT=0)
[2025-06-13 10:57:25,283][tracklab.datastruct.tracker_state][INFO] - Total # detections with track_id: 2055
[2025-06-13 10:57:25,284][tracklab.datastruct.tracker_state][INFO] - Total # track_ids: 11
[2025-06-13 10:57:25,285][tracklab.main][INFO] - Starting evaluation.
[2025-06-13 10:57:25,286][tracklab.wrappers.eval.trackeval_evaluator][INFO] - Starting evaluation using TrackEval library (https://github.com/JonathonLuiten/TrackEval)
[2025-06-13 10:57:25,297][tracklab.datastruct.tracking_dataset][WARNING] - Dropped 8312 rows with NA values
[2025-06-13 10:57:25,322][tracklab.wrappers.eval.trackeval_evaluator][INFO] - Tracking predictions saved in ExternalVideo format in eval/pred/ExternalVideo-val/tracklab
[2025-06-13 10:57:25,323][tracklab.wrappers.eval.trackeval_evaluator][WARNING] - Stopping evaluation because the current split (val) has no ground truth detections.
[2025-06-13 10:57:25,324][tracklab.main][INFO] - Saved state at : /work6/k_yamada/TrackID3x3/CAMELTrack/states/CAMELTrack-val.pklz
