[2025-06-13 13:27:15,825][tracklab.main][INFO] - Run directory: /work6/k_yamada/TrackID3x3/CAMELTrack/outputs/CAMELTrack/2025-06-13/13-27-15
[2025-06-13 13:27:15,829][tracklab.main][INFO] - Using device: 'cuda'.
[2025-06-13 13:27:18,494][tracklab.main][INFO] - ExternalVideo= val set: 1
[2025-06-13 13:27:20,482][cameltrack.wrappers.bbox_detector.yolo_x_api][INFO] - Loaded YOLOX weights from /home/k_yamada/workspace6/TrackID3x3/BoT-SORT/pretrained/bytetrack_x_mot17.pth.tar
[2025-06-13 13:27:32,132][cameltrack.cameltrack][INFO] - Loading CAMEL checkpoint from `/work6/k_yamada/TrackID3x3/CAMELTrack/outputs/CAMELTrack/2025-06-13/13-27-15/camel_bbox_app_kps_sportsmot.ckpt`.
[2025-06-13 13:27:32,136][tracklab.pipeline.module][INFO] - Pipeline: YOLOXBoTSORT -> TopDownMMPose -> KPReId -> CAMELTrack
[2025-06-13 13:27:32,136][tracklab.main][INFO] - Starting tracking operation on val set.
[2025-06-13 13:27:32,141][tracklab.datastruct.tracker_state][INFO] - Saving TrackerState to /work6/k_yamada/TrackID3x3/CAMELTrack/states/CAMELTrack-val.pklz
[2025-06-13 13:27:32,142][tracklab.pipeline.module][INFO] - Pipeline has been validated
[2025-06-13 13:34:23,584][tracklab.datastruct.tracker_state][INFO] - 0 already exists in /work6/k_yamada/TrackID3x3/CAMELTrack/states/CAMELTrack-val.pklz file
[2025-06-13 13:34:23,595][tracklab.visualization.visualization_engine][INFO] - Visualization output at : /work6/k_yamada/TrackID3x3/CAMELTrack/outputs/CAMELTrack/2025-06-13/13-27-15/visualization
[2025-06-13 13:34:23,596][tracklab.datastruct.tracker_state][INFO] - Tracking ended, final TrackerState stats:
[2025-06-13 13:34:23,597][tracklab.datastruct.tracker_state][INFO] - Total # detections: 6640 (GT=0)
[2025-06-13 13:34:23,600][tracklab.datastruct.tracker_state][INFO] - Total # detections with track_id: 1323
[2025-06-13 13:34:23,600][tracklab.datastruct.tracker_state][INFO] - Total # track_ids: 10
[2025-06-13 13:34:23,601][tracklab.main][INFO] - Starting evaluation.
[2025-06-13 13:34:23,602][tracklab.wrappers.eval.trackeval_evaluator][INFO] - Starting evaluation using TrackEval library (https://github.com/JonathonLuiten/TrackEval)
[2025-06-13 13:34:23,609][tracklab.datastruct.tracking_dataset][WARNING] - Dropped 5317 rows with NA values
[2025-06-13 13:34:23,632][tracklab.wrappers.eval.trackeval_evaluator][INFO] - Tracking predictions saved in ExternalVideo format in eval/pred/ExternalVideo-val/tracklab
[2025-06-13 13:34:23,634][tracklab.wrappers.eval.trackeval_evaluator][WARNING] - Stopping evaluation because the current split (val) has no ground truth detections.
[2025-06-13 13:34:23,635][tracklab.main][INFO] - Saved state at : /work6/k_yamada/TrackID3x3/CAMELTrack/states/CAMELTrack-val.pklz
