[2025-06-13 14:20:43,103][tracklab.main][INFO] - Run directory: /work6/k_yamada/TrackID3x3/CAMELTrack/outputs/CAMELTrack/2025-06-13/14-20-42
[2025-06-13 14:20:43,107][tracklab.main][INFO] - Using device: 'cuda'.
[2025-06-13 14:20:45,533][tracklab.main][INFO] - ExternalVideo= val set: 1
[2025-06-13 14:20:47,601][cameltrack.wrappers.bbox_detector.yolo_x_api][INFO] - Loaded YOLOX weights from /home/k_yamada/workspace6/TrackID3x3/BoT-SORT/pretrained/bytetrack_x_mot17.pth.tar
[2025-06-13 14:20:59,084][cameltrack.cameltrack][INFO] - Loading CAMEL checkpoint from `/work6/k_yamada/TrackID3x3/CAMELTrack/outputs/CAMELTrack/2025-06-13/14-20-42/camel_bbox_app_kps_sportsmot.ckpt`.
[2025-06-13 14:20:59,088][tracklab.pipeline.module][INFO] - Pipeline: YOLOXBoTSORT -> TopDownMMPose -> KPReId -> CAMELTrack
[2025-06-13 14:20:59,089][tracklab.main][INFO] - Starting tracking operation on val set.
[2025-06-13 14:20:59,096][tracklab.datastruct.tracker_state][INFO] - Saving TrackerState to /work6/k_yamada/TrackID3x3/CAMELTrack/states/CAMELTrack-val.pklz
[2025-06-13 14:20:59,097][tracklab.pipeline.module][INFO] - Pipeline has been validated
[2025-06-13 14:29:43,117][tracklab.datastruct.tracker_state][INFO] - 0 already exists in /work6/k_yamada/TrackID3x3/CAMELTrack/states/CAMELTrack-val.pklz file
[2025-06-13 14:29:43,128][tracklab.visualization.visualization_engine][INFO] - Visualization output at : /work6/k_yamada/TrackID3x3/CAMELTrack/outputs/CAMELTrack/2025-06-13/14-20-42/visualization
[2025-06-13 14:29:43,129][tracklab.datastruct.tracker_state][INFO] - Tracking ended, final TrackerState stats:
[2025-06-13 14:29:43,130][tracklab.datastruct.tracker_state][INFO] - Total # detections: 7901 (GT=0)
[2025-06-13 14:29:43,133][tracklab.datastruct.tracker_state][INFO] - Total # detections with track_id: 1625
[2025-06-13 14:29:43,134][tracklab.datastruct.tracker_state][INFO] - Total # track_ids: 10
[2025-06-13 14:29:43,135][tracklab.main][INFO] - Starting evaluation.
[2025-06-13 14:29:43,135][tracklab.wrappers.eval.trackeval_evaluator][INFO] - Starting evaluation using TrackEval library (https://github.com/JonathonLuiten/TrackEval)
[2025-06-13 14:29:43,143][tracklab.datastruct.tracking_dataset][WARNING] - Dropped 6276 rows with NA values
[2025-06-13 14:29:43,164][tracklab.wrappers.eval.trackeval_evaluator][INFO] - Tracking predictions saved in ExternalVideo format in eval/pred/ExternalVideo-val/tracklab
[2025-06-13 14:29:43,164][tracklab.wrappers.eval.trackeval_evaluator][WARNING] - Stopping evaluation because the current split (val) has no ground truth detections.
[2025-06-13 14:29:43,166][tracklab.main][INFO] - Saved state at : /work6/k_yamada/TrackID3x3/CAMELTrack/states/CAMELTrack-val.pklz
