[2025-06-13 11:32:34,411][tracklab.main][INFO] - Run directory: /work6/k_yamada/TrackID3x3/CAMELTrack/outputs/CAMELTrack/2025-06-13/11-32-34
[2025-06-13 11:32:34,415][tracklab.main][INFO] - Using device: 'cuda'.
[2025-06-13 11:32:36,707][tracklab.main][INFO] - ExternalVideo= val set: 1
[2025-06-13 11:32:38,597][cameltrack.wrappers.bbox_detector.yolo_x_api][INFO] - Loaded YOLOX weights from /home/k_yamada/workspace6/TrackID3x3/BoT-SORT/pretrained/bytetrack_x_mot17.pth.tar
[2025-06-13 11:32:53,501][cameltrack.cameltrack][INFO] - Loading CAMEL checkpoint from `/work6/k_yamada/TrackID3x3/CAMELTrack/outputs/CAMELTrack/2025-06-13/11-32-34/camel_bbox_app_kps_sportsmot.ckpt`.
[2025-06-13 11:32:53,505][tracklab.pipeline.module][INFO] - Pipeline: YOLOXBoTSORT -> TopDownMMPose -> KPReId -> CAMELTrack
[2025-06-13 11:32:53,506][tracklab.main][INFO] - Starting tracking operation on val set.
[2025-06-13 11:32:53,511][tracklab.datastruct.tracker_state][INFO] - Saving TrackerState to /work6/k_yamada/TrackID3x3/CAMELTrack/states/CAMELTrack-val.pklz
[2025-06-13 11:32:53,512][tracklab.pipeline.module][INFO] - Pipeline has been validated
[2025-06-13 11:37:15,259][tracklab.datastruct.tracker_state][INFO] - 0 already exists in /work6/k_yamada/TrackID3x3/CAMELTrack/states/CAMELTrack-val.pklz file
[2025-06-13 11:37:15,268][tracklab.visualization.visualization_engine][INFO] - Visualization output at : /work6/k_yamada/TrackID3x3/CAMELTrack/outputs/CAMELTrack/2025-06-13/11-32-34/visualization
[2025-06-13 11:37:15,269][tracklab.datastruct.tracker_state][INFO] - Tracking ended, final TrackerState stats:
[2025-06-13 11:37:15,270][tracklab.datastruct.tracker_state][INFO] - Total # detections: 4488 (GT=0)
[2025-06-13 11:37:15,272][tracklab.datastruct.tracker_state][INFO] - Total # detections with track_id: 892
[2025-06-13 11:37:15,273][tracklab.datastruct.tracker_state][INFO] - Total # track_ids: 12
[2025-06-13 11:37:15,274][tracklab.main][INFO] - Starting evaluation.
[2025-06-13 11:37:15,274][tracklab.wrappers.eval.trackeval_evaluator][INFO] - Starting evaluation using TrackEval library (https://github.com/JonathonLuiten/TrackEval)
[2025-06-13 11:37:15,281][tracklab.datastruct.tracking_dataset][WARNING] - Dropped 3596 rows with NA values
[2025-06-13 11:37:15,297][tracklab.wrappers.eval.trackeval_evaluator][INFO] - Tracking predictions saved in ExternalVideo format in eval/pred/ExternalVideo-val/tracklab
[2025-06-13 11:37:15,298][tracklab.wrappers.eval.trackeval_evaluator][WARNING] - Stopping evaluation because the current split (val) has no ground truth detections.
[2025-06-13 11:37:15,299][tracklab.main][INFO] - Saved state at : /work6/k_yamada/TrackID3x3/CAMELTrack/states/CAMELTrack-val.pklz
